Using selector: EpollSelector
Make request: "getMe" with data: "{}" and files "None"
Response for getMe: [200] "'{"ok":true,"result":{"id":5056907976,"is_bot":true,"first_name":"Oko_WB","username":"Oko_WB_bot","can_join_groups":true,"can_read_all_group_messages":false,"supports_inline_queries":false}}'"
Bot: Oko_WB [@Oko_WB_bot]
Make request: "getWebhookInfo" with data: "{}" and files "None"
Response for getWebhookInfo: [200] "'{"ok":true,"result":{"url":"","has_custom_certificate":false,"pending_update_count":0}}'"
Make request: "getUpdates" with data: "{'offset': -1, 'timeout': 1}" and files "None"
Response for getUpdates: [200] "'{"ok":true,"result":[]}'"
Updates were skipped successfully.
Start polling.
Make request: "getWebhookInfo" with data: "{}" and files "None"
Response for getWebhookInfo: [200] "'{"ok":true,"result":{"url":"","has_custom_certificate":false,"pending_update_count":0}}'"
Make request: "getUpdates" with data: "{'timeout': 20}" and files "None"
Response for getUpdates: [200] "'{"ok":true,"result":[{"update_id":983234705,\n"message":{"message_id":549,"from":{"id":544490770,"is_bot":false,"first_name":"Rosya","username":"salomanHere","language_code":"ru"},"chat":{"id":544490770,"first_name":"Rosya","username":"salomanHere","type":"private"},"date":1645988646,"text":"/check_client_price","entities":[{"offset":0,"length":19,"type":"bot_command"}]}}]}'"
Received 1 updates.
Make request: "sendMessage" with data: "{'chat_id': 544490770, 'text': '🕓 Я начал сравнивать цены. Подождите...'}" and files "None"
Make request: "getUpdates" with data: "{'offset': 983234706, 'timeout': 20}" and files "None"
Response for sendMessage: [200] "'{"ok":true,"result":{"message_id":550,"from":{"id":5056907976,"is_bot":true,"first_name":"Oko_WB","username":"Oko_WB_bot"},"chat":{"id":544490770,"first_name":"Rosya","username":"salomanHere","type":"private"},"date":1645988647,"text":"\\ud83d\\udd53 \\u042f \\u043d\\u0430\\u0447\\u0430\\u043b \\u0441\\u0440\\u0430\\u0432\\u043d\\u0438\\u0432\\u0430\\u0442\\u044c \\u0446\\u0435\\u043d\\u044b. \\u041f\\u043e\\u0434\\u043e\\u0436\\u0434\\u0438\\u0442\\u0435..."}}'"
Converted retries value: 3 -> Retry(total=3, connect=None, read=None, redirect=None, status=None)
Making request: POST https://oauth2.googleapis.com/token
Starting new HTTPS connection (1): oauth2.googleapis.com:443
https://oauth2.googleapis.com:443 "POST /token HTTP/1.1" 200 None
Starting new HTTPS connection (1): sheets.googleapis.com:443
https://sheets.googleapis.com:443 "GET /v4/spreadsheets/1bGbNieNgqDNSORaphLhLOHUbIUE00yxA0q_b4HsNclM?includeGridData=false HTTP/1.1" 200 None
https://sheets.googleapis.com:443 "GET /v4/spreadsheets/1bGbNieNgqDNSORaphLhLOHUbIUE00yxA0q_b4HsNclM?includeGridData=false HTTP/1.1" 200 None
https://sheets.googleapis.com:443 "GET /v4/spreadsheets/1bGbNieNgqDNSORaphLhLOHUbIUE00yxA0q_b4HsNclM/values/%27WB%20FBS%20%2F%20FBO%20%D0%90%D0%BB%D0%B5%D0%BA%D1%81%20%287%25%29%27 HTTP/1.1" 200 None
https://sheets.googleapis.com:443 "GET /v4/spreadsheets/1bGbNieNgqDNSORaphLhLOHUbIUE00yxA0q_b4HsNclM/values/%27WB%20FBS%20%2F%20FBO%20%D0%90%D0%BB%D0%B5%D0%BA%D1%81%20%287%25%29%27 HTTP/1.1" 200 None
https://sheets.googleapis.com:443 "GET /v4/spreadsheets/1bGbNieNgqDNSORaphLhLOHUbIUE00yxA0q_b4HsNclM/values/%27WB%20FBS%20%2F%20FBO%20%D0%90%D0%BB%D0%B5%D0%BA%D1%81%20%287%25%29%27%21A1%3AA?valueRenderOption=FORMATTED_VALUE&majorDimension=COLUMNS HTTP/1.1" 200 None
https://sheets.googleapis.com:443 "GET /v4/spreadsheets/1bGbNieNgqDNSORaphLhLOHUbIUE00yxA0q_b4HsNclM/values/%27WB%20FBS%20%2F%20FBO%20%D0%90%D0%BB%D0%B5%D0%BA%D1%81%20%287%25%29%27 HTTP/1.1" 200 None
https://sheets.googleapis.com:443 "GET /v4/spreadsheets/1bGbNieNgqDNSORaphLhLOHUbIUE00yxA0q_b4HsNclM/values/%27WB%20FBS%20%2F%20FBO%20%D0%90%D0%BB%D0%B5%D0%BA%D1%81%20%287%25%29%27%21Z4?valueRenderOption=FORMATTED_VALUE HTTP/1.1" 200 None
Записан: 40579043
https://sheets.googleapis.com:443 "GET /v4/spreadsheets/1bGbNieNgqDNSORaphLhLOHUbIUE00yxA0q_b4HsNclM/values/%27WB%20FBS%20%2F%20FBO%20%D0%90%D0%BB%D0%B5%D0%BA%D1%81%20%287%25%29%27 HTTP/1.1" 200 None
https://sheets.googleapis.com:443 "GET /v4/spreadsheets/1bGbNieNgqDNSORaphLhLOHUbIUE00yxA0q_b4HsNclM/values/%27WB%20FBS%20%2F%20FBO%20%D0%90%D0%BB%D0%B5%D0%BA%D1%81%20%287%25%29%27%21Z5?valueRenderOption=FORMATTED_VALUE HTTP/1.1" 200 None
Записан: 41158021
https://sheets.googleapis.com:443 "GET /v4/spreadsheets/1bGbNieNgqDNSORaphLhLOHUbIUE00yxA0q_b4HsNclM/values/%27WB%20FBS%20%2F%20FBO%20%D0%90%D0%BB%D0%B5%D0%BA%D1%81%20%287%25%29%27 HTTP/1.1" 200 None
https://sheets.googleapis.com:443 "GET /v4/spreadsheets/1bGbNieNgqDNSORaphLhLOHUbIUE00yxA0q_b4HsNclM/values/%27WB%20FBS%20%2F%20FBO%20%D0%90%D0%BB%D0%B5%D0%BA%D1%81%20%287%25%29%27%21Z6?valueRenderOption=FORMATTED_VALUE HTTP/1.1" 200 None
Записан: 41228775
https://sheets.googleapis.com:443 "GET /v4/spreadsheets/1bGbNieNgqDNSORaphLhLOHUbIUE00yxA0q_b4HsNclM/values/%27WB%20FBS%20%2F%20FBO%20%D0%90%D0%BB%D0%B5%D0%BA%D1%81%20%287%25%29%27 HTTP/1.1" 200 None
https://sheets.googleapis.com:443 "GET /v4/spreadsheets/1bGbNieNgqDNSORaphLhLOHUbIUE00yxA0q_b4HsNclM/values/%27WB%20FBS%20%2F%20FBO%20%D0%90%D0%BB%D0%B5%D0%BA%D1%81%20%287%25%29%27%21Z7?valueRenderOption=FORMATTED_VALUE HTTP/1.1" 200 None
Записан: 41240866
https://sheets.googleapis.com:443 "GET /v4/spreadsheets/1bGbNieNgqDNSORaphLhLOHUbIUE00yxA0q_b4HsNclM/values/%27WB%20FBS%20%2F%20FBO%20%D0%90%D0%BB%D0%B5%D0%BA%D1%81%20%287%25%29%27 HTTP/1.1" 200 None
https://sheets.googleapis.com:443 "GET /v4/spreadsheets/1bGbNieNgqDNSORaphLhLOHUbIUE00yxA0q_b4HsNclM/values/%27WB%20FBS%20%2F%20FBO%20%D0%90%D0%BB%D0%B5%D0%BA%D1%81%20%287%25%29%27%21Z8?valueRenderOption=FORMATTED_VALUE HTTP/1.1" 200 None
Записан: 43257800
https://sheets.googleapis.com:443 "GET /v4/spreadsheets/1bGbNieNgqDNSORaphLhLOHUbIUE00yxA0q_b4HsNclM/values/%27WB%20FBS%20%2F%20FBO%20%D0%90%D0%BB%D0%B5%D0%BA%D1%81%20%287%25%29%27 HTTP/1.1" 200 None
https://sheets.googleapis.com:443 "GET /v4/spreadsheets/1bGbNieNgqDNSORaphLhLOHUbIUE00yxA0q_b4HsNclM/values/%27WB%20FBS%20%2F%20FBO%20%D0%90%D0%BB%D0%B5%D0%BA%D1%81%20%287%25%29%27%21Z9?valueRenderOption=FORMATTED_VALUE HTTP/1.1" 200 None
Записан: 43268541
https://sheets.googleapis.com:443 "GET /v4/spreadsheets/1bGbNieNgqDNSORaphLhLOHUbIUE00yxA0q_b4HsNclM/values/%27WB%20FBS%20%2F%20FBO%20%D0%90%D0%BB%D0%B5%D0%BA%D1%81%20%287%25%29%27 HTTP/1.1" 200 None
https://sheets.googleapis.com:443 "GET /v4/spreadsheets/1bGbNieNgqDNSORaphLhLOHUbIUE00yxA0q_b4HsNclM/values/%27WB%20FBS%20%2F%20FBO%20%D0%90%D0%BB%D0%B5%D0%BA%D1%81%20%287%25%29%27%21Z10?valueRenderOption=FORMATTED_VALUE HTTP/1.1" 200 None
Записан: 45806492
https://sheets.googleapis.com:443 "GET /v4/spreadsheets/1bGbNieNgqDNSORaphLhLOHUbIUE00yxA0q_b4HsNclM/values/%27WB%20FBS%20%2F%20FBO%20%D0%90%D0%BB%D0%B5%D0%BA%D1%81%20%287%25%29%27 HTTP/1.1" 200 None
https://sheets.googleapis.com:443 "GET /v4/spreadsheets/1bGbNieNgqDNSORaphLhLOHUbIUE00yxA0q_b4HsNclM/values/%27WB%20FBS%20%2F%20FBO%20%D0%90%D0%BB%D0%B5%D0%BA%D1%81%20%287%25%29%27%21Z11?valueRenderOption=FORMATTED_VALUE HTTP/1.1" 200 None
Записан: 43498940
https://sheets.googleapis.com:443 "GET /v4/spreadsheets/1bGbNieNgqDNSORaphLhLOHUbIUE00yxA0q_b4HsNclM/values/%27WB%20FBS%20%2F%20FBO%20%D0%90%D0%BB%D0%B5%D0%BA%D1%81%20%287%25%29%27 HTTP/1.1" 200 None
https://sheets.googleapis.com:443 "GET /v4/spreadsheets/1bGbNieNgqDNSORaphLhLOHUbIUE00yxA0q_b4HsNclM/values/%27WB%20FBS%20%2F%20FBO%20%D0%90%D0%BB%D0%B5%D0%BA%D1%81%20%287%25%29%27%21Z12?valueRenderOption=FORMATTED_VALUE HTTP/1.1" 200 None
Записан: 43501647
https://sheets.googleapis.com:443 "GET /v4/spreadsheets/1bGbNieNgqDNSORaphLhLOHUbIUE00yxA0q_b4HsNclM/values/%27WB%20FBS%20%2F%20FBO%20%D0%90%D0%BB%D0%B5%D0%BA%D1%81%20%287%25%29%27 HTTP/1.1" 200 None
https://sheets.googleapis.com:443 "GET /v4/spreadsheets/1bGbNieNgqDNSORaphLhLOHUbIUE00yxA0q_b4HsNclM/values/%27WB%20FBS%20%2F%20FBO%20%D0%90%D0%BB%D0%B5%D0%BA%D1%81%20%287%25%29%27%21Z13?valueRenderOption=FORMATTED_VALUE HTTP/1.1" 200 None
Записан: 43742573
https://sheets.googleapis.com:443 "GET /v4/spreadsheets/1bGbNieNgqDNSORaphLhLOHUbIUE00yxA0q_b4HsNclM/values/%27WB%20FBS%20%2F%20FBO%20%D0%90%D0%BB%D0%B5%D0%BA%D1%81%20%287%25%29%27 HTTP/1.1" 200 None
https://sheets.googleapis.com:443 "GET /v4/spreadsheets/1bGbNieNgqDNSORaphLhLOHUbIUE00yxA0q_b4HsNclM/values/%27WB%20FBS%20%2F%20FBO%20%D0%90%D0%BB%D0%B5%D0%BA%D1%81%20%287%25%29%27%21Z14?valueRenderOption=FORMATTED_VALUE HTTP/1.1" 200 None
Записан: 43742793
https://sheets.googleapis.com:443 "GET /v4/spreadsheets/1bGbNieNgqDNSORaphLhLOHUbIUE00yxA0q_b4HsNclM/values/%27WB%20FBS%20%2F%20FBO%20%D0%90%D0%BB%D0%B5%D0%BA%D1%81%20%287%25%29%27 HTTP/1.1" 200 None
https://sheets.googleapis.com:443 "GET /v4/spreadsheets/1bGbNieNgqDNSORaphLhLOHUbIUE00yxA0q_b4HsNclM/values/%27WB%20FBS%20%2F%20FBO%20%D0%90%D0%BB%D0%B5%D0%BA%D1%81%20%287%25%29%27%21Z15?valueRenderOption=FORMATTED_VALUE HTTP/1.1" 200 None
Записан: 43745146
https://sheets.googleapis.com:443 "GET /v4/spreadsheets/1bGbNieNgqDNSORaphLhLOHUbIUE00yxA0q_b4HsNclM/values/%27WB%20FBS%20%2F%20FBO%20%D0%90%D0%BB%D0%B5%D0%BA%D1%81%20%287%25%29%27 HTTP/1.1" 200 None
https://sheets.googleapis.com:443 "GET /v4/spreadsheets/1bGbNieNgqDNSORaphLhLOHUbIUE00yxA0q_b4HsNclM/values/%27WB%20FBS%20%2F%20FBO%20%D0%90%D0%BB%D0%B5%D0%BA%D1%81%20%287%25%29%27%21Z16?valueRenderOption=FORMATTED_VALUE HTTP/1.1" 200 None
Записан: 43745147
https://sheets.googleapis.com:443 "GET /v4/spreadsheets/1bGbNieNgqDNSORaphLhLOHUbIUE00yxA0q_b4HsNclM/values/%27WB%20FBS%20%2F%20FBO%20%D0%90%D0%BB%D0%B5%D0%BA%D1%81%20%287%25%29%27 HTTP/1.1" 200 None
https://sheets.googleapis.com:443 "GET /v4/spreadsheets/1bGbNieNgqDNSORaphLhLOHUbIUE00yxA0q_b4HsNclM/values/%27WB%20FBS%20%2F%20FBO%20%D0%90%D0%BB%D0%B5%D0%BA%D1%81%20%287%25%29%27%21Z17?valueRenderOption=FORMATTED_VALUE HTTP/1.1" 200 None
Записан: 43745690
https://sheets.googleapis.com:443 "GET /v4/spreadsheets/1bGbNieNgqDNSORaphLhLOHUbIUE00yxA0q_b4HsNclM/values/%27WB%20FBS%20%2F%20FBO%20%D0%90%D0%BB%D0%B5%D0%BA%D1%81%20%287%25%29%27 HTTP/1.1" 200 None
https://sheets.googleapis.com:443 "GET /v4/spreadsheets/1bGbNieNgqDNSORaphLhLOHUbIUE00yxA0q_b4HsNclM/values/%27WB%20FBS%20%2F%20FBO%20%D0%90%D0%BB%D0%B5%D0%BA%D1%81%20%287%25%29%27%21Z18?valueRenderOption=FORMATTED_VALUE HTTP/1.1" 200 None
Записан: 43745691
https://sheets.googleapis.com:443 "GET /v4/spreadsheets/1bGbNieNgqDNSORaphLhLOHUbIUE00yxA0q_b4HsNclM/values/%27WB%20FBS%20%2F%20FBO%20%D0%90%D0%BB%D0%B5%D0%BA%D1%81%20%287%25%29%27 HTTP/1.1" 200 None
https://sheets.googleapis.com:443 "GET /v4/spreadsheets/1bGbNieNgqDNSORaphLhLOHUbIUE00yxA0q_b4HsNclM/values/%27WB%20FBS%20%2F%20FBO%20%D0%90%D0%BB%D0%B5%D0%BA%D1%81%20%287%25%29%27%21Z19?valueRenderOption=FORMATTED_VALUE HTTP/1.1" 200 None
Записан: 43860422
https://sheets.googleapis.com:443 "GET /v4/spreadsheets/1bGbNieNgqDNSORaphLhLOHUbIUE00yxA0q_b4HsNclM/values/%27WB%20FBS%20%2F%20FBO%20%D0%90%D0%BB%D0%B5%D0%BA%D1%81%20%287%25%29%27 HTTP/1.1" 200 None
https://sheets.googleapis.com:443 "GET /v4/spreadsheets/1bGbNieNgqDNSORaphLhLOHUbIUE00yxA0q_b4HsNclM/values/%27WB%20FBS%20%2F%20FBO%20%D0%90%D0%BB%D0%B5%D0%BA%D1%81%20%287%25%29%27%21Z20?valueRenderOption=FORMATTED_VALUE HTTP/1.1" 200 None
Записан: 48564403
https://sheets.googleapis.com:443 "GET /v4/spreadsheets/1bGbNieNgqDNSORaphLhLOHUbIUE00yxA0q_b4HsNclM/values/%27WB%20FBS%20%2F%20FBO%20%D0%90%D0%BB%D0%B5%D0%BA%D1%81%20%287%25%29%27 HTTP/1.1" 200 None
https://sheets.googleapis.com:443 "GET /v4/spreadsheets/1bGbNieNgqDNSORaphLhLOHUbIUE00yxA0q_b4HsNclM/values/%27WB%20FBS%20%2F%20FBO%20%D0%90%D0%BB%D0%B5%D0%BA%D1%81%20%287%25%29%27%21Z21?valueRenderOption=FORMATTED_VALUE HTTP/1.1" 200 None
Записан: 48566203
https://sheets.googleapis.com:443 "GET /v4/spreadsheets/1bGbNieNgqDNSORaphLhLOHUbIUE00yxA0q_b4HsNclM/values/%27WB%20FBS%20%2F%20FBO%20%D0%90%D0%BB%D0%B5%D0%BA%D1%81%20%287%25%29%27 HTTP/1.1" 200 None
https://sheets.googleapis.com:443 "GET /v4/spreadsheets/1bGbNieNgqDNSORaphLhLOHUbIUE00yxA0q_b4HsNclM/values/%27WB%20FBS%20%2F%20FBO%20%D0%90%D0%BB%D0%B5%D0%BA%D1%81%20%287%25%29%27%21Z22?valueRenderOption=FORMATTED_VALUE HTTP/1.1" 200 None
Записан: 49234031
https://sheets.googleapis.com:443 "GET /v4/spreadsheets/1bGbNieNgqDNSORaphLhLOHUbIUE00yxA0q_b4HsNclM/values/%27WB%20FBS%20%2F%20FBO%20%D0%90%D0%BB%D0%B5%D0%BA%D1%81%20%287%25%29%27 HTTP/1.1" 200 None
https://sheets.googleapis.com:443 "GET /v4/spreadsheets/1bGbNieNgqDNSORaphLhLOHUbIUE00yxA0q_b4HsNclM/values/%27WB%20FBS%20%2F%20FBO%20%D0%90%D0%BB%D0%B5%D0%BA%D1%81%20%287%25%29%27%21Z23?valueRenderOption=FORMATTED_VALUE HTTP/1.1" 200 None
Записан: 49234032
https://sheets.googleapis.com:443 "GET /v4/spreadsheets/1bGbNieNgqDNSORaphLhLOHUbIUE00yxA0q_b4HsNclM/values/%27WB%20FBS%20%2F%20FBO%20%D0%90%D0%BB%D0%B5%D0%BA%D1%81%20%287%25%29%27 HTTP/1.1" 200 None
https://sheets.googleapis.com:443 "GET /v4/spreadsheets/1bGbNieNgqDNSORaphLhLOHUbIUE00yxA0q_b4HsNclM/values/%27WB%20FBS%20%2F%20FBO%20%D0%90%D0%BB%D0%B5%D0%BA%D1%81%20%287%25%29%27%21Z24?valueRenderOption=FORMATTED_VALUE HTTP/1.1" 200 None
Записан: 51460785
https://sheets.googleapis.com:443 "GET /v4/spreadsheets/1bGbNieNgqDNSORaphLhLOHUbIUE00yxA0q_b4HsNclM/values/%27WB%20FBS%20%2F%20FBO%20%D0%90%D0%BB%D0%B5%D0%BA%D1%81%20%287%25%29%27 HTTP/1.1" 200 None
https://sheets.googleapis.com:443 "GET /v4/spreadsheets/1bGbNieNgqDNSORaphLhLOHUbIUE00yxA0q_b4HsNclM/values/%27WB%20FBS%20%2F%20FBO%20%D0%90%D0%BB%D0%B5%D0%BA%D1%81%20%287%25%29%27%21Z25?valueRenderOption=FORMATTED_VALUE HTTP/1.1" 200 None
Записан: 41797971
https://sheets.googleapis.com:443 "GET /v4/spreadsheets/1bGbNieNgqDNSORaphLhLOHUbIUE00yxA0q_b4HsNclM/values/%27WB%20FBS%20%2F%20FBO%20%D0%90%D0%BB%D0%B5%D0%BA%D1%81%20%287%25%29%27 HTTP/1.1" 200 None
https://sheets.googleapis.com:443 "GET /v4/spreadsheets/1bGbNieNgqDNSORaphLhLOHUbIUE00yxA0q_b4HsNclM/values/%27WB%20FBS%20%2F%20FBO%20%D0%90%D0%BB%D0%B5%D0%BA%D1%81%20%287%25%29%27%21Z26?valueRenderOption=FORMATTED_VALUE HTTP/1.1" 200 None
Записан: 48105035
https://sheets.googleapis.com:443 "GET /v4/spreadsheets/1bGbNieNgqDNSORaphLhLOHUbIUE00yxA0q_b4HsNclM/values/%27WB%20FBS%20%2F%20FBO%20%D0%90%D0%BB%D0%B5%D0%BA%D1%81%20%287%25%29%27 HTTP/1.1" 200 None
https://sheets.googleapis.com:443 "GET /v4/spreadsheets/1bGbNieNgqDNSORaphLhLOHUbIUE00yxA0q_b4HsNclM/values/%27WB%20FBS%20%2F%20FBO%20%D0%90%D0%BB%D0%B5%D0%BA%D1%81%20%287%25%29%27%21Z27?valueRenderOption=FORMATTED_VALUE HTTP/1.1" 200 None
Записан: 52451400
https://sheets.googleapis.com:443 "GET /v4/spreadsheets/1bGbNieNgqDNSORaphLhLOHUbIUE00yxA0q_b4HsNclM/values/%27WB%20FBS%20%2F%20FBO%20%D0%90%D0%BB%D0%B5%D0%BA%D1%81%20%287%25%29%27 HTTP/1.1" 200 None
https://sheets.googleapis.com:443 "GET /v4/spreadsheets/1bGbNieNgqDNSORaphLhLOHUbIUE00yxA0q_b4HsNclM/values/%27WB%20FBS%20%2F%20FBO%20%D0%90%D0%BB%D0%B5%D0%BA%D1%81%20%287%25%29%27%21Z28?valueRenderOption=FORMATTED_VALUE HTTP/1.1" 200 None
Записан: 54624031
https://sheets.googleapis.com:443 "GET /v4/spreadsheets/1bGbNieNgqDNSORaphLhLOHUbIUE00yxA0q_b4HsNclM/values/%27WB%20FBS%20%2F%20FBO%20%D0%90%D0%BB%D0%B5%D0%BA%D1%81%20%287%25%29%27 HTTP/1.1" 200 None
https://sheets.googleapis.com:443 "GET /v4/spreadsheets/1bGbNieNgqDNSORaphLhLOHUbIUE00yxA0q_b4HsNclM/values/%27WB%20FBS%20%2F%20FBO%20%D0%90%D0%BB%D0%B5%D0%BA%D1%81%20%287%25%29%27%21Z29?valueRenderOption=FORMATTED_VALUE HTTP/1.1" 200 None
Записан: 54624443
https://sheets.googleapis.com:443 "GET /v4/spreadsheets/1bGbNieNgqDNSORaphLhLOHUbIUE00yxA0q_b4HsNclM/values/%27WB%20FBS%20%2F%20FBO%20%D0%90%D0%BB%D0%B5%D0%BA%D1%81%20%287%25%29%27 HTTP/1.1" 200 None
https://sheets.googleapis.com:443 "GET /v4/spreadsheets/1bGbNieNgqDNSORaphLhLOHUbIUE00yxA0q_b4HsNclM/values/%27WB%20FBS%20%2F%20FBO%20%D0%90%D0%BB%D0%B5%D0%BA%D1%81%20%287%25%29%27%21Z30?valueRenderOption=FORMATTED_VALUE HTTP/1.1" 200 None
Записан: 54624699
https://sheets.googleapis.com:443 "GET /v4/spreadsheets/1bGbNieNgqDNSORaphLhLOHUbIUE00yxA0q_b4HsNclM/values/%27WB%20FBS%20%2F%20FBO%20%D0%90%D0%BB%D0%B5%D0%BA%D1%81%20%287%25%29%27 HTTP/1.1" 200 None
https://sheets.googleapis.com:443 "GET /v4/spreadsheets/1bGbNieNgqDNSORaphLhLOHUbIUE00yxA0q_b4HsNclM/values/%27WB%20FBS%20%2F%20FBO%20%D0%90%D0%BB%D0%B5%D0%BA%D1%81%20%287%25%29%27%21Z31?valueRenderOption=FORMATTED_VALUE HTTP/1.1" 200 None
Записан: 46451469
https://sheets.googleapis.com:443 "GET /v4/spreadsheets/1bGbNieNgqDNSORaphLhLOHUbIUE00yxA0q_b4HsNclM/values/%27WB%20FBS%20%2F%20FBO%20%D0%90%D0%BB%D0%B5%D0%BA%D1%81%20%287%25%29%27 HTTP/1.1" 200 None
https://sheets.googleapis.com:443 "GET /v4/spreadsheets/1bGbNieNgqDNSORaphLhLOHUbIUE00yxA0q_b4HsNclM/values/%27WB%20FBS%20%2F%20FBO%20%D0%90%D0%BB%D0%B5%D0%BA%D1%81%20%287%25%29%27%21Z32?valueRenderOption=FORMATTED_VALUE HTTP/1.1" 200 None
Записан: 64048538
https://sheets.googleapis.com:443 "GET /v4/spreadsheets/1bGbNieNgqDNSORaphLhLOHUbIUE00yxA0q_b4HsNclM/values/%27WB%20FBS%20%2F%20FBO%20%D0%90%D0%BB%D0%B5%D0%BA%D1%81%20%287%25%29%27 HTTP/1.1" 200 None
https://sheets.googleapis.com:443 "GET /v4/spreadsheets/1bGbNieNgqDNSORaphLhLOHUbIUE00yxA0q_b4HsNclM/values/%27WB%20FBS%20%2F%20FBO%20%D0%90%D0%BB%D0%B5%D0%BA%D1%81%20%287%25%29%27%21Z33?valueRenderOption=FORMATTED_VALUE HTTP/1.1" 200 None
Записан: 46584126
https://sheets.googleapis.com:443 "GET /v4/spreadsheets/1bGbNieNgqDNSORaphLhLOHUbIUE00yxA0q_b4HsNclM/values/%27WB%20FBS%20%2F%20FBO%20%D0%90%D0%BB%D0%B5%D0%BA%D1%81%20%287%25%29%27 HTTP/1.1" 200 None
https://sheets.googleapis.com:443 "GET /v4/spreadsheets/1bGbNieNgqDNSORaphLhLOHUbIUE00yxA0q_b4HsNclM/values/%27WB%20FBS%20%2F%20FBO%20%D0%90%D0%BB%D0%B5%D0%BA%D1%81%20%287%25%29%27%21Z34?valueRenderOption=FORMATTED_VALUE HTTP/1.1" 200 None
Записан: 64307641
https://sheets.googleapis.com:443 "GET /v4/spreadsheets/1bGbNieNgqDNSORaphLhLOHUbIUE00yxA0q_b4HsNclM/values/%27WB%20FBS%20%2F%20FBO%20%D0%90%D0%BB%D0%B5%D0%BA%D1%81%20%287%25%29%27 HTTP/1.1" 200 None
https://sheets.googleapis.com:443 "GET /v4/spreadsheets/1bGbNieNgqDNSORaphLhLOHUbIUE00yxA0q_b4HsNclM/values/%27WB%20FBS%20%2F%20FBO%20%D0%90%D0%BB%D0%B5%D0%BA%D1%81%20%287%25%29%27%21Z35?valueRenderOption=FORMATTED_VALUE HTTP/1.1" 200 None
Записан: 48059401
https://sheets.googleapis.com:443 "GET /v4/spreadsheets/1bGbNieNgqDNSORaphLhLOHUbIUE00yxA0q_b4HsNclM/values/%27WB%20FBS%20%2F%20FBO%20%D0%90%D0%BB%D0%B5%D0%BA%D1%81%20%287%25%29%27 HTTP/1.1" 200 None
https://sheets.googleapis.com:443 "GET /v4/spreadsheets/1bGbNieNgqDNSORaphLhLOHUbIUE00yxA0q_b4HsNclM/values/%27WB%20FBS%20%2F%20FBO%20%D0%90%D0%BB%D0%B5%D0%BA%D1%81%20%287%25%29%27%21Z36?valueRenderOption=FORMATTED_VALUE HTTP/1.1" 200 None
Записан: 43968564
https://sheets.googleapis.com:443 "GET /v4/spreadsheets/1bGbNieNgqDNSORaphLhLOHUbIUE00yxA0q_b4HsNclM/values/%27WB%20FBS%20%2F%20FBO%20%D0%90%D0%BB%D0%B5%D0%BA%D1%81%20%287%25%29%27 HTTP/1.1" 200 None
https://sheets.googleapis.com:443 "GET /v4/spreadsheets/1bGbNieNgqDNSORaphLhLOHUbIUE00yxA0q_b4HsNclM/values/%27WB%20FBS%20%2F%20FBO%20%D0%90%D0%BB%D0%B5%D0%BA%D1%81%20%287%25%29%27%21Z37?valueRenderOption=FORMATTED_VALUE HTTP/1.1" 200 None
Записан: 43973145
https://sheets.googleapis.com:443 "GET /v4/spreadsheets/1bGbNieNgqDNSORaphLhLOHUbIUE00yxA0q_b4HsNclM/values/%27WB%20FBS%20%2F%20FBO%20%D0%90%D0%BB%D0%B5%D0%BA%D1%81%20%287%25%29%27 HTTP/1.1" 200 None
https://sheets.googleapis.com:443 "GET /v4/spreadsheets/1bGbNieNgqDNSORaphLhLOHUbIUE00yxA0q_b4HsNclM/values/%27WB%20FBS%20%2F%20FBO%20%D0%90%D0%BB%D0%B5%D0%BA%D1%81%20%287%25%29%27%21Z38?valueRenderOption=FORMATTED_VALUE HTTP/1.1" 200 None
Записан: 43973146
https://sheets.googleapis.com:443 "GET /v4/spreadsheets/1bGbNieNgqDNSORaphLhLOHUbIUE00yxA0q_b4HsNclM/values/%27WB%20FBS%20%2F%20FBO%20%D0%90%D0%BB%D0%B5%D0%BA%D1%81%20%287%25%29%27 HTTP/1.1" 200 None
https://sheets.googleapis.com:443 "GET /v4/spreadsheets/1bGbNieNgqDNSORaphLhLOHUbIUE00yxA0q_b4HsNclM/values/%27WB%20FBS%20%2F%20FBO%20%D0%90%D0%BB%D0%B5%D0%BA%D1%81%20%287%25%29%27%21Z39?valueRenderOption=FORMATTED_VALUE HTTP/1.1" 200 None
Записан: 61162427
https://sheets.googleapis.com:443 "GET /v4/spreadsheets/1bGbNieNgqDNSORaphLhLOHUbIUE00yxA0q_b4HsNclM/values/%27WB%20FBS%20%2F%20FBO%20%D0%90%D0%BB%D0%B5%D0%BA%D1%81%20%287%25%29%27 HTTP/1.1" 200 None
https://sheets.googleapis.com:443 "GET /v4/spreadsheets/1bGbNieNgqDNSORaphLhLOHUbIUE00yxA0q_b4HsNclM/values/%27WB%20FBS%20%2F%20FBO%20%D0%90%D0%BB%D0%B5%D0%BA%D1%81%20%287%25%29%27%21Z40?valueRenderOption=FORMATTED_VALUE HTTP/1.1" 200 None
Записан: 61165876
https://sheets.googleapis.com:443 "GET /v4/spreadsheets/1bGbNieNgqDNSORaphLhLOHUbIUE00yxA0q_b4HsNclM/values/%27WB%20FBS%20%2F%20FBO%20%D0%90%D0%BB%D0%B5%D0%BA%D1%81%20%287%25%29%27 HTTP/1.1" 200 None
https://sheets.googleapis.com:443 "GET /v4/spreadsheets/1bGbNieNgqDNSORaphLhLOHUbIUE00yxA0q_b4HsNclM/values/%27WB%20FBS%20%2F%20FBO%20%D0%90%D0%BB%D0%B5%D0%BA%D1%81%20%287%25%29%27%21Z41?valueRenderOption=FORMATTED_VALUE HTTP/1.1" 200 None
Записан: 61200309
Starting new HTTPS connection (1): www.wildberries.ru:443
https://www.wildberries.ru:443 "GET /catalog/40579043/detail.aspx?targetUrl=SP HTTP/1.1" 200 None
Всё гуд для - 481
Starting new HTTPS connection (1): www.wildberries.ru:443
https://www.wildberries.ru:443 "GET /catalog/41158021/detail.aspx?targetUrl=SP HTTP/1.1" 200 None
Всё гуд для - 356
Starting new HTTPS connection (1): www.wildberries.ru:443
https://www.wildberries.ru:443 "GET /catalog/41228775/detail.aspx?targetUrl=SP HTTP/1.1" 200 None
Всё гуд для - 299
Starting new HTTPS connection (1): www.wildberries.ru:443
https://www.wildberries.ru:443 "GET /catalog/41240866/detail.aspx?targetUrl=SP HTTP/1.1" 200 None
Всё гуд для - 1375
Starting new HTTPS connection (1): www.wildberries.ru:443
https://www.wildberries.ru:443 "GET /catalog/43257800/detail.aspx?targetUrl=SP HTTP/1.1" 200 None
Всё гуд для - 1097
Starting new HTTPS connection (1): www.wildberries.ru:443
https://www.wildberries.ru:443 "GET /catalog/43268541/detail.aspx?targetUrl=SP HTTP/1.1" 200 None
Всё гуд для - 1097
Starting new HTTPS connection (1): www.wildberries.ru:443
https://www.wildberries.ru:443 "GET /catalog/45806492/detail.aspx?targetUrl=SP HTTP/1.1" 200 None
Всё гуд для - 2197
Starting new HTTPS connection (1): www.wildberries.ru:443
https://www.wildberries.ru:443 "GET /catalog/43498940/detail.aspx?targetUrl=SP HTTP/1.1" 200 None
Всё гуд для - 491
Starting new HTTPS connection (1): www.wildberries.ru:443
https://www.wildberries.ru:443 "GET /catalog/43501647/detail.aspx?targetUrl=SP HTTP/1.1" 200 None
Всё гуд для - 356
Starting new HTTPS connection (1): www.wildberries.ru:443
https://www.wildberries.ru:443 "GET /catalog/43742573/detail.aspx?targetUrl=SP HTTP/1.1" 200 None
Всё гуд для - 649
Starting new HTTPS connection (1): www.wildberries.ru:443
https://www.wildberries.ru:443 "GET /catalog/43742793/detail.aspx?targetUrl=SP HTTP/1.1" 200 None
Всё гуд для - 359
Starting new HTTPS connection (1): www.wildberries.ru:443
https://www.wildberries.ru:443 "GET /catalog/43745146/detail.aspx?targetUrl=SP HTTP/1.1" 200 None
Всё гуд для - 486
Starting new HTTPS connection (1): www.wildberries.ru:443
https://www.wildberries.ru:443 "GET /catalog/43745147/detail.aspx?targetUrl=SP HTTP/1.1" 200 None
Всё гуд для - 486
Starting new HTTPS connection (1): www.wildberries.ru:443
https://www.wildberries.ru:443 "GET /catalog/43745690/detail.aspx?targetUrl=SP HTTP/1.1" 200 None
Всё гуд для - 486
Starting new HTTPS connection (1): www.wildberries.ru:443
https://www.wildberries.ru:443 "GET /catalog/43745691/detail.aspx?targetUrl=SP HTTP/1.1" 200 None
Всё гуд для - 486
Starting new HTTPS connection (1): www.wildberries.ru:443
https://www.wildberries.ru:443 "GET /catalog/43860422/detail.aspx?targetUrl=SP HTTP/1.1" 200 None
Всё гуд для - 380
Starting new HTTPS connection (1): www.wildberries.ru:443
https://www.wildberries.ru:443 "GET /catalog/48564403/detail.aspx?targetUrl=SP HTTP/1.1" 200 None
Всё гуд для - 380
Starting new HTTPS connection (1): www.wildberries.ru:443
https://www.wildberries.ru:443 "GET /catalog/48566203/detail.aspx?targetUrl=SP HTTP/1.1" 200 None
Всё гуд для - 259
Starting new HTTPS connection (1): www.wildberries.ru:443
https://www.wildberries.ru:443 "GET /catalog/49234031/detail.aspx?targetUrl=SP HTTP/1.1" 200 None
Всё гуд для - 474
Starting new HTTPS connection (1): www.wildberries.ru:443
https://www.wildberries.ru:443 "GET /catalog/49234032/detail.aspx?targetUrl=SP HTTP/1.1" 200 None
Всё гуд для - 474
Starting new HTTPS connection (1): www.wildberries.ru:443
https://www.wildberries.ru:443 "GET /catalog/51460785/detail.aspx?targetUrl=SP HTTP/1.1" 200 None
Всё гуд для - 889
Starting new HTTPS connection (1): www.wildberries.ru:443
https://www.wildberries.ru:443 "GET /catalog/41797971/detail.aspx?targetUrl=SP HTTP/1.1" 200 None
Всё гуд для - 485
Starting new HTTPS connection (1): www.wildberries.ru:443
https://www.wildberries.ru:443 "GET /catalog/48105035/detail.aspx?targetUrl=SP HTTP/1.1" 200 None
Всё гуд для - 349
Starting new HTTPS connection (1): www.wildberries.ru:443
https://www.wildberries.ru:443 "GET /catalog/52451400/detail.aspx?targetUrl=SP HTTP/1.1" 200 None
Всё гуд для - 1498
Starting new HTTPS connection (1): www.wildberries.ru:443
https://www.wildberries.ru:443 "GET /catalog/54624031/detail.aspx?targetUrl=SP HTTP/1.1" 200 None
Всё гуд для - 1498
Starting new HTTPS connection (1): www.wildberries.ru:443
https://www.wildberries.ru:443 "GET /catalog/54624443/detail.aspx?targetUrl=SP HTTP/1.1" 200 None
Всё гуд для - 1498
Starting new HTTPS connection (1): www.wildberries.ru:443
https://www.wildberries.ru:443 "GET /catalog/54624699/detail.aspx?targetUrl=SP HTTP/1.1" 200 None
Всё гуд для - 1498
Starting new HTTPS connection (1): www.wildberries.ru:443
https://www.wildberries.ru:443 "GET /catalog/46451469/detail.aspx?targetUrl=SP HTTP/1.1" 200 None
Всё гуд для - 867
Starting new HTTPS connection (1): www.wildberries.ru:443
https://www.wildberries.ru:443 "GET /catalog/64048538/detail.aspx?targetUrl=SP HTTP/1.1" 200 None
Всё гуд для - 4170
Starting new HTTPS connection (1): www.wildberries.ru:443
https://www.wildberries.ru:443 "GET /catalog/46584126/detail.aspx?targetUrl=SP HTTP/1.1" 200 None
Всё гуд для - 2599
Starting new HTTPS connection (1): www.wildberries.ru:443
https://www.wildberries.ru:443 "GET /catalog/64307641/detail.aspx?targetUrl=SP HTTP/1.1" 200 None
Всё гуд для - 2599
Starting new HTTPS connection (1): www.wildberries.ru:443
https://www.wildberries.ru:443 "GET /catalog/48059401/detail.aspx?targetUrl=SP HTTP/1.1" 200 None
Всё гуд для - 949
Starting new HTTPS connection (1): www.wildberries.ru:443
https://www.wildberries.ru:443 "GET /catalog/43968564/detail.aspx?targetUrl=SP HTTP/1.1" 200 None
Всё гуд для - 667
Starting new HTTPS connection (1): www.wildberries.ru:443
https://www.wildberries.ru:443 "GET /catalog/43973145/detail.aspx?targetUrl=SP HTTP/1.1" 200 None
Всё гуд для - 447
Starting new HTTPS connection (1): www.wildberries.ru:443
https://www.wildberries.ru:443 "GET /catalog/43973146/detail.aspx?targetUrl=SP HTTP/1.1" 200 None
Всё гуд для - 447
Starting new HTTPS connection (1): www.wildberries.ru:443
https://www.wildberries.ru:443 "GET /catalog/61162427/detail.aspx?targetUrl=SP HTTP/1.1" 200 None
Всё гуд для - 1086
Starting new HTTPS connection (1): www.wildberries.ru:443
https://www.wildberries.ru:443 "GET /catalog/61165876/detail.aspx?targetUrl=SP HTTP/1.1" 200 None
Всё гуд для - 728
Starting new HTTPS connection (1): www.wildberries.ru:443
https://www.wildberries.ru:443 "GET /catalog/61200309/detail.aspx?targetUrl=SP HTTP/1.1" 200 None
Всё гуд для - 994
Make request: "sendMessage" with data: "{'chat_id': 544490770, 'text': '👇 Информация по "WB FBS / FBO Алекс (7%)"'}" and files "None"
Response for getUpdates: [200] "'{"ok":true,"result":[]}'"
Make request: "getUpdates" with data: "{'offset': 983234706, 'timeout': 20}" and files "None"
Response for sendMessage: [200] "'{"ok":true,"result":{"message_id":551,"from":{"id":5056907976,"is_bot":true,"first_name":"Oko_WB","username":"Oko_WB_bot"},"chat":{"id":544490770,"first_name":"Rosya","username":"salomanHere","type":"private"},"date":1645988862,"text":"\\ud83d\\udc47 \\u0418\\u043d\\u0444\\u043e\\u0440\\u043c\\u0430\\u0446\\u0438\\u044f \\u043f\\u043e \\"WB FBS / FBO \\u0410\\u043b\\u0435\\u043a\\u0441 (7%)\\""}}'"
Make request: "sendMessage" with data: "{'chat_id': 544490770, 'text': '😌 Совпадают все цены'}" and files "None"
Response for sendMessage: [200] "'{"ok":true,"result":{"message_id":552,"from":{"id":5056907976,"is_bot":true,"first_name":"Oko_WB","username":"Oko_WB_bot"},"chat":{"id":544490770,"first_name":"Rosya","username":"salomanHere","type":"private"},"date":1645988863,"text":"\\ud83d\\ude0c \\u0421\\u043e\\u0432\\u043f\\u0430\\u0434\\u0430\\u044e\\u0442 \\u0432\\u0441\\u0435 \\u0446\\u0435\\u043d\\u044b"}}'"
https://sheets.googleapis.com:443 "GET /v4/spreadsheets/1bGbNieNgqDNSORaphLhLOHUbIUE00yxA0q_b4HsNclM/values/%27WB%20FBS%20%2F%20FBO%20%D0%95%D1%80%D0%BC%20%2816%25%29%27 HTTP/1.1" 200 None
https://sheets.googleapis.com:443 "GET /v4/spreadsheets/1bGbNieNgqDNSORaphLhLOHUbIUE00yxA0q_b4HsNclM/values/%27WB%20FBS%20%2F%20FBO%20%D0%95%D1%80%D0%BC%20%2816%25%29%27 HTTP/1.1" 200 None
https://sheets.googleapis.com:443 "GET /v4/spreadsheets/1bGbNieNgqDNSORaphLhLOHUbIUE00yxA0q_b4HsNclM/values/%27WB%20FBS%20%2F%20FBO%20%D0%95%D1%80%D0%BC%20%2816%25%29%27%21A1%3AA?valueRenderOption=FORMATTED_VALUE&majorDimension=COLUMNS HTTP/1.1" 200 None
https://sheets.googleapis.com:443 "GET /v4/spreadsheets/1bGbNieNgqDNSORaphLhLOHUbIUE00yxA0q_b4HsNclM/values/%27WB%20FBS%20%2F%20FBO%20%D0%95%D1%80%D0%BC%20%2816%25%29%27 HTTP/1.1" 200 None
https://sheets.googleapis.com:443 "GET /v4/spreadsheets/1bGbNieNgqDNSORaphLhLOHUbIUE00yxA0q_b4HsNclM/values/%27WB%20FBS%20%2F%20FBO%20%D0%95%D1%80%D0%BC%20%2816%25%29%27%21AE4?valueRenderOption=FORMATTED_VALUE HTTP/1.1" 200 None
Записан: 27146754
https://sheets.googleapis.com:443 "GET /v4/spreadsheets/1bGbNieNgqDNSORaphLhLOHUbIUE00yxA0q_b4HsNclM/values/%27WB%20FBS%20%2F%20FBO%20%D0%95%D1%80%D0%BC%20%2816%25%29%27 HTTP/1.1" 200 None
https://sheets.googleapis.com:443 "GET /v4/spreadsheets/1bGbNieNgqDNSORaphLhLOHUbIUE00yxA0q_b4HsNclM/values/%27WB%20FBS%20%2F%20FBO%20%D0%95%D1%80%D0%BC%20%2816%25%29%27%21AE5?valueRenderOption=FORMATTED_VALUE HTTP/1.1" 200 None
Записан: 27150374
https://sheets.googleapis.com:443 "GET /v4/spreadsheets/1bGbNieNgqDNSORaphLhLOHUbIUE00yxA0q_b4HsNclM/values/%27WB%20FBS%20%2F%20FBO%20%D0%95%D1%80%D0%BC%20%2816%25%29%27 HTTP/1.1" 200 None
https://sheets.googleapis.com:443 "GET /v4/spreadsheets/1bGbNieNgqDNSORaphLhLOHUbIUE00yxA0q_b4HsNclM/values/%27WB%20FBS%20%2F%20FBO%20%D0%95%D1%80%D0%BC%20%2816%25%29%27%21AE6?valueRenderOption=FORMATTED_VALUE HTTP/1.1" 200 None
Записан: 27157425
https://sheets.googleapis.com:443 "GET /v4/spreadsheets/1bGbNieNgqDNSORaphLhLOHUbIUE00yxA0q_b4HsNclM/values/%27WB%20FBS%20%2F%20FBO%20%D0%95%D1%80%D0%BC%20%2816%25%29%27 HTTP/1.1" 200 None
https://sheets.googleapis.com:443 "GET /v4/spreadsheets/1bGbNieNgqDNSORaphLhLOHUbIUE00yxA0q_b4HsNclM/values/%27WB%20FBS%20%2F%20FBO%20%D0%95%D1%80%D0%BC%20%2816%25%29%27%21AE7?valueRenderOption=FORMATTED_VALUE HTTP/1.1" 200 None
Записан: 27158829
https://sheets.googleapis.com:443 "GET /v4/spreadsheets/1bGbNieNgqDNSORaphLhLOHUbIUE00yxA0q_b4HsNclM/values/%27WB%20FBS%20%2F%20FBO%20%D0%95%D1%80%D0%BC%20%2816%25%29%27 HTTP/1.1" 200 None
https://sheets.googleapis.com:443 "GET /v4/spreadsheets/1bGbNieNgqDNSORaphLhLOHUbIUE00yxA0q_b4HsNclM/values/%27WB%20FBS%20%2F%20FBO%20%D0%95%D1%80%D0%BC%20%2816%25%29%27%21AE8?valueRenderOption=FORMATTED_VALUE HTTP/1.1" 200 None
Записан: 27159211
https://sheets.googleapis.com:443 "GET /v4/spreadsheets/1bGbNieNgqDNSORaphLhLOHUbIUE00yxA0q_b4HsNclM/values/%27WB%20FBS%20%2F%20FBO%20%D0%95%D1%80%D0%BC%20%2816%25%29%27 HTTP/1.1" 200 None
https://sheets.googleapis.com:443 "GET /v4/spreadsheets/1bGbNieNgqDNSORaphLhLOHUbIUE00yxA0q_b4HsNclM/values/%27WB%20FBS%20%2F%20FBO%20%D0%95%D1%80%D0%BC%20%2816%25%29%27%21AE9?valueRenderOption=FORMATTED_VALUE HTTP/1.1" 200 None
Записан: 27159408
https://sheets.googleapis.com:443 "GET /v4/spreadsheets/1bGbNieNgqDNSORaphLhLOHUbIUE00yxA0q_b4HsNclM/values/%27WB%20FBS%20%2F%20FBO%20%D0%95%D1%80%D0%BC%20%2816%25%29%27 HTTP/1.1" 200 None
https://sheets.googleapis.com:443 "GET /v4/spreadsheets/1bGbNieNgqDNSORaphLhLOHUbIUE00yxA0q_b4HsNclM/values/%27WB%20FBS%20%2F%20FBO%20%D0%95%D1%80%D0%BC%20%2816%25%29%27%21AE10?valueRenderOption=FORMATTED_VALUE HTTP/1.1" 200 None
Записан: 27566428
https://sheets.googleapis.com:443 "GET /v4/spreadsheets/1bGbNieNgqDNSORaphLhLOHUbIUE00yxA0q_b4HsNclM/values/%27WB%20FBS%20%2F%20FBO%20%D0%95%D1%80%D0%BC%20%2816%25%29%27 HTTP/1.1" 200 None
https://sheets.googleapis.com:443 "GET /v4/spreadsheets/1bGbNieNgqDNSORaphLhLOHUbIUE00yxA0q_b4HsNclM/values/%27WB%20FBS%20%2F%20FBO%20%D0%95%D1%80%D0%BC%20%2816%25%29%27%21AE11?valueRenderOption=FORMATTED_VALUE HTTP/1.1" 200 None
Записан: 27592601
https://sheets.googleapis.com:443 "GET /v4/spreadsheets/1bGbNieNgqDNSORaphLhLOHUbIUE00yxA0q_b4HsNclM/values/%27WB%20FBS%20%2F%20FBO%20%D0%95%D1%80%D0%BC%20%2816%25%29%27 HTTP/1.1" 200 None
https://sheets.googleapis.com:443 "GET /v4/spreadsheets/1bGbNieNgqDNSORaphLhLOHUbIUE00yxA0q_b4HsNclM/values/%27WB%20FBS%20%2F%20FBO%20%D0%95%D1%80%D0%BC%20%2816%25%29%27%21AE12?valueRenderOption=FORMATTED_VALUE HTTP/1.1" 200 None
Записан: 27592692
https://sheets.googleapis.com:443 "GET /v4/spreadsheets/1bGbNieNgqDNSORaphLhLOHUbIUE00yxA0q_b4HsNclM/values/%27WB%20FBS%20%2F%20FBO%20%D0%95%D1%80%D0%BC%20%2816%25%29%27 HTTP/1.1" 200 None
https://sheets.googleapis.com:443 "GET /v4/spreadsheets/1bGbNieNgqDNSORaphLhLOHUbIUE00yxA0q_b4HsNclM/values/%27WB%20FBS%20%2F%20FBO%20%D0%95%D1%80%D0%BC%20%2816%25%29%27%21AE13?valueRenderOption=FORMATTED_VALUE HTTP/1.1" 200 None
Записан: 27593089
https://sheets.googleapis.com:443 "GET /v4/spreadsheets/1bGbNieNgqDNSORaphLhLOHUbIUE00yxA0q_b4HsNclM/values/%27WB%20FBS%20%2F%20FBO%20%D0%95%D1%80%D0%BC%20%2816%25%29%27 HTTP/1.1" 200 None
https://sheets.googleapis.com:443 "GET /v4/spreadsheets/1bGbNieNgqDNSORaphLhLOHUbIUE00yxA0q_b4HsNclM/values/%27WB%20FBS%20%2F%20FBO%20%D0%95%D1%80%D0%BC%20%2816%25%29%27%21AE14?valueRenderOption=FORMATTED_VALUE HTTP/1.1" 200 None
Записан: 27603592
https://sheets.googleapis.com:443 "GET /v4/spreadsheets/1bGbNieNgqDNSORaphLhLOHUbIUE00yxA0q_b4HsNclM/values/%27WB%20FBS%20%2F%20FBO%20%D0%95%D1%80%D0%BC%20%2816%25%29%27 HTTP/1.1" 200 None
https://sheets.googleapis.com:443 "GET /v4/spreadsheets/1bGbNieNgqDNSORaphLhLOHUbIUE00yxA0q_b4HsNclM/values/%27WB%20FBS%20%2F%20FBO%20%D0%95%D1%80%D0%BC%20%2816%25%29%27%21AE15?valueRenderOption=FORMATTED_VALUE HTTP/1.1" 200 None
Записан: 27925738
https://sheets.googleapis.com:443 "GET /v4/spreadsheets/1bGbNieNgqDNSORaphLhLOHUbIUE00yxA0q_b4HsNclM/values/%27WB%20FBS%20%2F%20FBO%20%D0%95%D1%80%D0%BC%20%2816%25%29%27 HTTP/1.1" 200 None
https://sheets.googleapis.com:443 "GET /v4/spreadsheets/1bGbNieNgqDNSORaphLhLOHUbIUE00yxA0q_b4HsNclM/values/%27WB%20FBS%20%2F%20FBO%20%D0%95%D1%80%D0%BC%20%2816%25%29%27%21AE16?valueRenderOption=FORMATTED_VALUE HTTP/1.1" 200 None
Записан: 27995088
https://sheets.googleapis.com:443 "GET /v4/spreadsheets/1bGbNieNgqDNSORaphLhLOHUbIUE00yxA0q_b4HsNclM/values/%27WB%20FBS%20%2F%20FBO%20%D0%95%D1%80%D0%BC%20%2816%25%29%27 HTTP/1.1" 200 None
https://sheets.googleapis.com:443 "GET /v4/spreadsheets/1bGbNieNgqDNSORaphLhLOHUbIUE00yxA0q_b4HsNclM/values/%27WB%20FBS%20%2F%20FBO%20%D0%95%D1%80%D0%BC%20%2816%25%29%27%21AE17?valueRenderOption=FORMATTED_VALUE HTTP/1.1" 200 None
Записан: 28270893
https://sheets.googleapis.com:443 "GET /v4/spreadsheets/1bGbNieNgqDNSORaphLhLOHUbIUE00yxA0q_b4HsNclM/values/%27WB%20FBS%20%2F%20FBO%20%D0%95%D1%80%D0%BC%20%2816%25%29%27 HTTP/1.1" 200 None
https://sheets.googleapis.com:443 "GET /v4/spreadsheets/1bGbNieNgqDNSORaphLhLOHUbIUE00yxA0q_b4HsNclM/values/%27WB%20FBS%20%2F%20FBO%20%D0%95%D1%80%D0%BC%20%2816%25%29%27%21AE18?valueRenderOption=FORMATTED_VALUE HTTP/1.1" 200 None
Записан: 28762471
https://sheets.googleapis.com:443 "GET /v4/spreadsheets/1bGbNieNgqDNSORaphLhLOHUbIUE00yxA0q_b4HsNclM/values/%27WB%20FBS%20%2F%20FBO%20%D0%95%D1%80%D0%BC%20%2816%25%29%27 HTTP/1.1" 200 None
https://sheets.googleapis.com:443 "GET /v4/spreadsheets/1bGbNieNgqDNSORaphLhLOHUbIUE00yxA0q_b4HsNclM/values/%27WB%20FBS%20%2F%20FBO%20%D0%95%D1%80%D0%BC%20%2816%25%29%27%21AE19?valueRenderOption=FORMATTED_VALUE HTTP/1.1" 200 None
Записан: 28764480
https://sheets.googleapis.com:443 "GET /v4/spreadsheets/1bGbNieNgqDNSORaphLhLOHUbIUE00yxA0q_b4HsNclM/values/%27WB%20FBS%20%2F%20FBO%20%D0%95%D1%80%D0%BC%20%2816%25%29%27 HTTP/1.1" 200 None
https://sheets.googleapis.com:443 "GET /v4/spreadsheets/1bGbNieNgqDNSORaphLhLOHUbIUE00yxA0q_b4HsNclM/values/%27WB%20FBS%20%2F%20FBO%20%D0%95%D1%80%D0%BC%20%2816%25%29%27%21AE20?valueRenderOption=FORMATTED_VALUE HTTP/1.1" 200 None
Записан: 28884415
https://sheets.googleapis.com:443 "GET /v4/spreadsheets/1bGbNieNgqDNSORaphLhLOHUbIUE00yxA0q_b4HsNclM/values/%27WB%20FBS%20%2F%20FBO%20%D0%95%D1%80%D0%BC%20%2816%25%29%27 HTTP/1.1" 200 None
https://sheets.googleapis.com:443 "GET /v4/spreadsheets/1bGbNieNgqDNSORaphLhLOHUbIUE00yxA0q_b4HsNclM/values/%27WB%20FBS%20%2F%20FBO%20%D0%95%D1%80%D0%BC%20%2816%25%29%27%21AE21?valueRenderOption=FORMATTED_VALUE HTTP/1.1" 200 None
Записан: 28885569
https://sheets.googleapis.com:443 "GET /v4/spreadsheets/1bGbNieNgqDNSORaphLhLOHUbIUE00yxA0q_b4HsNclM/values/%27WB%20FBS%20%2F%20FBO%20%D0%95%D1%80%D0%BC%20%2816%25%29%27 HTTP/1.1" 200 None
https://sheets.googleapis.com:443 "GET /v4/spreadsheets/1bGbNieNgqDNSORaphLhLOHUbIUE00yxA0q_b4HsNclM/values/%27WB%20FBS%20%2F%20FBO%20%D0%95%D1%80%D0%BC%20%2816%25%29%27%21AE22?valueRenderOption=FORMATTED_VALUE HTTP/1.1" 200 None
Записан: 28886180
https://sheets.googleapis.com:443 "GET /v4/spreadsheets/1bGbNieNgqDNSORaphLhLOHUbIUE00yxA0q_b4HsNclM/values/%27WB%20FBS%20%2F%20FBO%20%D0%95%D1%80%D0%BC%20%2816%25%29%27 HTTP/1.1" 200 None
https://sheets.googleapis.com:443 "GET /v4/spreadsheets/1bGbNieNgqDNSORaphLhLOHUbIUE00yxA0q_b4HsNclM/values/%27WB%20FBS%20%2F%20FBO%20%D0%95%D1%80%D0%BC%20%2816%25%29%27%21AE23?valueRenderOption=FORMATTED_VALUE HTTP/1.1" 200 None
Записан: 28886455
https://sheets.googleapis.com:443 "GET /v4/spreadsheets/1bGbNieNgqDNSORaphLhLOHUbIUE00yxA0q_b4HsNclM/values/%27WB%20FBS%20%2F%20FBO%20%D0%95%D1%80%D0%BC%20%2816%25%29%27 HTTP/1.1" 200 None
https://sheets.googleapis.com:443 "GET /v4/spreadsheets/1bGbNieNgqDNSORaphLhLOHUbIUE00yxA0q_b4HsNclM/values/%27WB%20FBS%20%2F%20FBO%20%D0%95%D1%80%D0%BC%20%2816%25%29%27%21AE24?valueRenderOption=FORMATTED_VALUE HTTP/1.1" 200 None
Записан: 29078914
https://sheets.googleapis.com:443 "GET /v4/spreadsheets/1bGbNieNgqDNSORaphLhLOHUbIUE00yxA0q_b4HsNclM/values/%27WB%20FBS%20%2F%20FBO%20%D0%95%D1%80%D0%BC%20%2816%25%29%27 HTTP/1.1" 200 None
https://sheets.googleapis.com:443 "GET /v4/spreadsheets/1bGbNieNgqDNSORaphLhLOHUbIUE00yxA0q_b4HsNclM/values/%27WB%20FBS%20%2F%20FBO%20%D0%95%D1%80%D0%BC%20%2816%25%29%27%21AE25?valueRenderOption=FORMATTED_VALUE HTTP/1.1" 200 None
Записан: 29082777
https://sheets.googleapis.com:443 "GET /v4/spreadsheets/1bGbNieNgqDNSORaphLhLOHUbIUE00yxA0q_b4HsNclM/values/%27WB%20FBS%20%2F%20FBO%20%D0%95%D1%80%D0%BC%20%2816%25%29%27 HTTP/1.1" 200 None
https://sheets.googleapis.com:443 "GET /v4/spreadsheets/1bGbNieNgqDNSORaphLhLOHUbIUE00yxA0q_b4HsNclM/values/%27WB%20FBS%20%2F%20FBO%20%D0%95%D1%80%D0%BC%20%2816%25%29%27%21AE26?valueRenderOption=FORMATTED_VALUE HTTP/1.1" 200 None
Записан: 29091753
https://sheets.googleapis.com:443 "GET /v4/spreadsheets/1bGbNieNgqDNSORaphLhLOHUbIUE00yxA0q_b4HsNclM/values/%27WB%20FBS%20%2F%20FBO%20%D0%95%D1%80%D0%BC%20%2816%25%29%27 HTTP/1.1" 200 None
https://sheets.googleapis.com:443 "GET /v4/spreadsheets/1bGbNieNgqDNSORaphLhLOHUbIUE00yxA0q_b4HsNclM/values/%27WB%20FBS%20%2F%20FBO%20%D0%95%D1%80%D0%BC%20%2816%25%29%27%21AE27?valueRenderOption=FORMATTED_VALUE HTTP/1.1" 200 None
Записан: 29227949
https://sheets.googleapis.com:443 "GET /v4/spreadsheets/1bGbNieNgqDNSORaphLhLOHUbIUE00yxA0q_b4HsNclM/values/%27WB%20FBS%20%2F%20FBO%20%D0%95%D1%80%D0%BC%20%2816%25%29%27 HTTP/1.1" 200 None
https://sheets.googleapis.com:443 "GET /v4/spreadsheets/1bGbNieNgqDNSORaphLhLOHUbIUE00yxA0q_b4HsNclM/values/%27WB%20FBS%20%2F%20FBO%20%D0%95%D1%80%D0%BC%20%2816%25%29%27%21AE28?valueRenderOption=FORMATTED_VALUE HTTP/1.1" 200 None
Записан: 29228169
https://sheets.googleapis.com:443 "GET /v4/spreadsheets/1bGbNieNgqDNSORaphLhLOHUbIUE00yxA0q_b4HsNclM/values/%27WB%20FBS%20%2F%20FBO%20%D0%95%D1%80%D0%BC%20%2816%25%29%27 HTTP/1.1" 200 None
https://sheets.googleapis.com:443 "GET /v4/spreadsheets/1bGbNieNgqDNSORaphLhLOHUbIUE00yxA0q_b4HsNclM/values/%27WB%20FBS%20%2F%20FBO%20%D0%95%D1%80%D0%BC%20%2816%25%29%27%21AE29?valueRenderOption=FORMATTED_VALUE HTTP/1.1" 200 None
Записан: 30382710
https://sheets.googleapis.com:443 "GET /v4/spreadsheets/1bGbNieNgqDNSORaphLhLOHUbIUE00yxA0q_b4HsNclM/values/%27WB%20FBS%20%2F%20FBO%20%D0%95%D1%80%D0%BC%20%2816%25%29%27 HTTP/1.1" 200 None
https://sheets.googleapis.com:443 "GET /v4/spreadsheets/1bGbNieNgqDNSORaphLhLOHUbIUE00yxA0q_b4HsNclM/values/%27WB%20FBS%20%2F%20FBO%20%D0%95%D1%80%D0%BC%20%2816%25%29%27%21AE30?valueRenderOption=FORMATTED_VALUE HTTP/1.1" 200 None
Записан: 31488326
https://sheets.googleapis.com:443 "GET /v4/spreadsheets/1bGbNieNgqDNSORaphLhLOHUbIUE00yxA0q_b4HsNclM/values/%27WB%20FBS%20%2F%20FBO%20%D0%95%D1%80%D0%BC%20%2816%25%29%27 HTTP/1.1" 200 None
https://sheets.googleapis.com:443 "GET /v4/spreadsheets/1bGbNieNgqDNSORaphLhLOHUbIUE00yxA0q_b4HsNclM/values/%27WB%20FBS%20%2F%20FBO%20%D0%95%D1%80%D0%BC%20%2816%25%29%27%21AE31?valueRenderOption=FORMATTED_VALUE HTTP/1.1" 200 None
Записан: 32025561
https://sheets.googleapis.com:443 "GET /v4/spreadsheets/1bGbNieNgqDNSORaphLhLOHUbIUE00yxA0q_b4HsNclM/values/%27WB%20FBS%20%2F%20FBO%20%D0%95%D1%80%D0%BC%20%2816%25%29%27 HTTP/1.1" 200 None
https://sheets.googleapis.com:443 "GET /v4/spreadsheets/1bGbNieNgqDNSORaphLhLOHUbIUE00yxA0q_b4HsNclM/values/%27WB%20FBS%20%2F%20FBO%20%D0%95%D1%80%D0%BC%20%2816%25%29%27%21AE32?valueRenderOption=FORMATTED_VALUE HTTP/1.1" 200 None
Записан: 32025660
https://sheets.googleapis.com:443 "GET /v4/spreadsheets/1bGbNieNgqDNSORaphLhLOHUbIUE00yxA0q_b4HsNclM/values/%27WB%20FBS%20%2F%20FBO%20%D0%95%D1%80%D0%BC%20%2816%25%29%27 HTTP/1.1" 200 None
https://sheets.googleapis.com:443 "GET /v4/spreadsheets/1bGbNieNgqDNSORaphLhLOHUbIUE00yxA0q_b4HsNclM/values/%27WB%20FBS%20%2F%20FBO%20%D0%95%D1%80%D0%BC%20%2816%25%29%27%21AE33?valueRenderOption=FORMATTED_VALUE HTTP/1.1" 200 None
Записан: 32313436
https://sheets.googleapis.com:443 "GET /v4/spreadsheets/1bGbNieNgqDNSORaphLhLOHUbIUE00yxA0q_b4HsNclM/values/%27WB%20FBS%20%2F%20FBO%20%D0%95%D1%80%D0%BC%20%2816%25%29%27 HTTP/1.1" 200 None
https://sheets.googleapis.com:443 "GET /v4/spreadsheets/1bGbNieNgqDNSORaphLhLOHUbIUE00yxA0q_b4HsNclM/values/%27WB%20FBS%20%2F%20FBO%20%D0%95%D1%80%D0%BC%20%2816%25%29%27%21AE34?valueRenderOption=FORMATTED_VALUE HTTP/1.1" 200 None
Записан: 32738413
https://sheets.googleapis.com:443 "GET /v4/spreadsheets/1bGbNieNgqDNSORaphLhLOHUbIUE00yxA0q_b4HsNclM/values/%27WB%20FBS%20%2F%20FBO%20%D0%95%D1%80%D0%BC%20%2816%25%29%27 HTTP/1.1" 200 None
https://sheets.googleapis.com:443 "GET /v4/spreadsheets/1bGbNieNgqDNSORaphLhLOHUbIUE00yxA0q_b4HsNclM/values/%27WB%20FBS%20%2F%20FBO%20%D0%95%D1%80%D0%BC%20%2816%25%29%27%21AE36?valueRenderOption=FORMATTED_VALUE HTTP/1.1" 200 None
Записан: 33308756
https://sheets.googleapis.com:443 "GET /v4/spreadsheets/1bGbNieNgqDNSORaphLhLOHUbIUE00yxA0q_b4HsNclM/values/%27WB%20FBS%20%2F%20FBO%20%D0%95%D1%80%D0%BC%20%2816%25%29%27 HTTP/1.1" 200 None
https://sheets.googleapis.com:443 "GET /v4/spreadsheets/1bGbNieNgqDNSORaphLhLOHUbIUE00yxA0q_b4HsNclM/values/%27WB%20FBS%20%2F%20FBO%20%D0%95%D1%80%D0%BC%20%2816%25%29%27%21AE37?valueRenderOption=FORMATTED_VALUE HTTP/1.1" 200 None
Записан: 34541750
https://sheets.googleapis.com:443 "GET /v4/spreadsheets/1bGbNieNgqDNSORaphLhLOHUbIUE00yxA0q_b4HsNclM/values/%27WB%20FBS%20%2F%20FBO%20%D0%95%D1%80%D0%BC%20%2816%25%29%27 HTTP/1.1" 200 None
https://sheets.googleapis.com:443 "GET /v4/spreadsheets/1bGbNieNgqDNSORaphLhLOHUbIUE00yxA0q_b4HsNclM/values/%27WB%20FBS%20%2F%20FBO%20%D0%95%D1%80%D0%BC%20%2816%25%29%27%21AE38?valueRenderOption=FORMATTED_VALUE HTTP/1.1" 200 None
Записан: 35999679
https://sheets.googleapis.com:443 "GET /v4/spreadsheets/1bGbNieNgqDNSORaphLhLOHUbIUE00yxA0q_b4HsNclM/values/%27WB%20FBS%20%2F%20FBO%20%D0%95%D1%80%D0%BC%20%2816%25%29%27 HTTP/1.1" 200 None
https://sheets.googleapis.com:443 "GET /v4/spreadsheets/1bGbNieNgqDNSORaphLhLOHUbIUE00yxA0q_b4HsNclM/values/%27WB%20FBS%20%2F%20FBO%20%D0%95%D1%80%D0%BC%20%2816%25%29%27%21AE39?valueRenderOption=FORMATTED_VALUE HTTP/1.1" 200 None
Записан: 36122116
https://sheets.googleapis.com:443 "GET /v4/spreadsheets/1bGbNieNgqDNSORaphLhLOHUbIUE00yxA0q_b4HsNclM/values/%27WB%20FBS%20%2F%20FBO%20%D0%95%D1%80%D0%BC%20%2816%25%29%27 HTTP/1.1" 200 None
https://sheets.googleapis.com:443 "GET /v4/spreadsheets/1bGbNieNgqDNSORaphLhLOHUbIUE00yxA0q_b4HsNclM/values/%27WB%20FBS%20%2F%20FBO%20%D0%95%D1%80%D0%BC%20%2816%25%29%27%21AE40?valueRenderOption=FORMATTED_VALUE HTTP/1.1" 200 None
Записан: 36867918
https://sheets.googleapis.com:443 "GET /v4/spreadsheets/1bGbNieNgqDNSORaphLhLOHUbIUE00yxA0q_b4HsNclM/values/%27WB%20FBS%20%2F%20FBO%20%D0%95%D1%80%D0%BC%20%2816%25%29%27 HTTP/1.1" 200 None
https://sheets.googleapis.com:443 "GET /v4/spreadsheets/1bGbNieNgqDNSORaphLhLOHUbIUE00yxA0q_b4HsNclM/values/%27WB%20FBS%20%2F%20FBO%20%D0%95%D1%80%D0%BC%20%2816%25%29%27%21AE41?valueRenderOption=FORMATTED_VALUE HTTP/1.1" 200 None
Записан: 36908863
https://sheets.googleapis.com:443 "GET /v4/spreadsheets/1bGbNieNgqDNSORaphLhLOHUbIUE00yxA0q_b4HsNclM/values/%27WB%20FBS%20%2F%20FBO%20%D0%95%D1%80%D0%BC%20%2816%25%29%27 HTTP/1.1" 200 None
https://sheets.googleapis.com:443 "GET /v4/spreadsheets/1bGbNieNgqDNSORaphLhLOHUbIUE00yxA0q_b4HsNclM/values/%27WB%20FBS%20%2F%20FBO%20%D0%95%D1%80%D0%BC%20%2816%25%29%27%21AE42?valueRenderOption=FORMATTED_VALUE HTTP/1.1" 200 None
Записан: 37018634
https://sheets.googleapis.com:443 "GET /v4/spreadsheets/1bGbNieNgqDNSORaphLhLOHUbIUE00yxA0q_b4HsNclM/values/%27WB%20FBS%20%2F%20FBO%20%D0%95%D1%80%D0%BC%20%2816%25%29%27 HTTP/1.1" 200 None
https://sheets.googleapis.com:443 "GET /v4/spreadsheets/1bGbNieNgqDNSORaphLhLOHUbIUE00yxA0q_b4HsNclM/values/%27WB%20FBS%20%2F%20FBO%20%D0%95%D1%80%D0%BC%20%2816%25%29%27%21AE43?valueRenderOption=FORMATTED_VALUE HTTP/1.1" 200 None
Записан: 36928148
https://sheets.googleapis.com:443 "GET /v4/spreadsheets/1bGbNieNgqDNSORaphLhLOHUbIUE00yxA0q_b4HsNclM/values/%27WB%20FBS%20%2F%20FBO%20%D0%95%D1%80%D0%BC%20%2816%25%29%27 HTTP/1.1" 200 None
https://sheets.googleapis.com:443 "GET /v4/spreadsheets/1bGbNieNgqDNSORaphLhLOHUbIUE00yxA0q_b4HsNclM/values/%27WB%20FBS%20%2F%20FBO%20%D0%95%D1%80%D0%BC%20%2816%25%29%27%21AE44?valueRenderOption=FORMATTED_VALUE HTTP/1.1" 200 None
Записан: 37015446
https://sheets.googleapis.com:443 "GET /v4/spreadsheets/1bGbNieNgqDNSORaphLhLOHUbIUE00yxA0q_b4HsNclM/values/%27WB%20FBS%20%2F%20FBO%20%D0%95%D1%80%D0%BC%20%2816%25%29%27 HTTP/1.1" 200 None
https://sheets.googleapis.com:443 "GET /v4/spreadsheets/1bGbNieNgqDNSORaphLhLOHUbIUE00yxA0q_b4HsNclM/values/%27WB%20FBS%20%2F%20FBO%20%D0%95%D1%80%D0%BC%20%2816%25%29%27%21AE45?valueRenderOption=FORMATTED_VALUE HTTP/1.1" 200 None
Записан: 37117750
https://sheets.googleapis.com:443 "GET /v4/spreadsheets/1bGbNieNgqDNSORaphLhLOHUbIUE00yxA0q_b4HsNclM/values/%27WB%20FBS%20%2F%20FBO%20%D0%95%D1%80%D0%BC%20%2816%25%29%27 HTTP/1.1" 200 None
https://sheets.googleapis.com:443 "GET /v4/spreadsheets/1bGbNieNgqDNSORaphLhLOHUbIUE00yxA0q_b4HsNclM/values/%27WB%20FBS%20%2F%20FBO%20%D0%95%D1%80%D0%BC%20%2816%25%29%27%21AE46?valueRenderOption=FORMATTED_VALUE HTTP/1.1" 200 None
Записан: 38309284
https://sheets.googleapis.com:443 "GET /v4/spreadsheets/1bGbNieNgqDNSORaphLhLOHUbIUE00yxA0q_b4HsNclM/values/%27WB%20FBS%20%2F%20FBO%20%D0%95%D1%80%D0%BC%20%2816%25%29%27 HTTP/1.1" 200 None
https://sheets.googleapis.com:443 "GET /v4/spreadsheets/1bGbNieNgqDNSORaphLhLOHUbIUE00yxA0q_b4HsNclM/values/%27WB%20FBS%20%2F%20FBO%20%D0%95%D1%80%D0%BC%20%2816%25%29%27%21AE47?valueRenderOption=FORMATTED_VALUE HTTP/1.1" 200 None
Записан: 38315139
https://sheets.googleapis.com:443 "GET /v4/spreadsheets/1bGbNieNgqDNSORaphLhLOHUbIUE00yxA0q_b4HsNclM/values/%27WB%20FBS%20%2F%20FBO%20%D0%95%D1%80%D0%BC%20%2816%25%29%27 HTTP/1.1" 200 None
https://sheets.googleapis.com:443 "GET /v4/spreadsheets/1bGbNieNgqDNSORaphLhLOHUbIUE00yxA0q_b4HsNclM/values/%27WB%20FBS%20%2F%20FBO%20%D0%95%D1%80%D0%BC%20%2816%25%29%27%21AE48?valueRenderOption=FORMATTED_VALUE HTTP/1.1" 200 None
Записан: 38342524
https://sheets.googleapis.com:443 "GET /v4/spreadsheets/1bGbNieNgqDNSORaphLhLOHUbIUE00yxA0q_b4HsNclM/values/%27WB%20FBS%20%2F%20FBO%20%D0%95%D1%80%D0%BC%20%2816%25%29%27 HTTP/1.1" 200 None
https://sheets.googleapis.com:443 "GET /v4/spreadsheets/1bGbNieNgqDNSORaphLhLOHUbIUE00yxA0q_b4HsNclM/values/%27WB%20FBS%20%2F%20FBO%20%D0%95%D1%80%D0%BC%20%2816%25%29%27%21AE49?valueRenderOption=FORMATTED_VALUE HTTP/1.1" 200 None
Записан: 40410223
https://sheets.googleapis.com:443 "GET /v4/spreadsheets/1bGbNieNgqDNSORaphLhLOHUbIUE00yxA0q_b4HsNclM/values/%27WB%20FBS%20%2F%20FBO%20%D0%95%D1%80%D0%BC%20%2816%25%29%27 HTTP/1.1" 200 None
https://sheets.googleapis.com:443 "GET /v4/spreadsheets/1bGbNieNgqDNSORaphLhLOHUbIUE00yxA0q_b4HsNclM/values/%27WB%20FBS%20%2F%20FBO%20%D0%95%D1%80%D0%BC%20%2816%25%29%27%21AE50?valueRenderOption=FORMATTED_VALUE HTTP/1.1" 200 None
Записан: 40415168
https://sheets.googleapis.com:443 "GET /v4/spreadsheets/1bGbNieNgqDNSORaphLhLOHUbIUE00yxA0q_b4HsNclM/values/%27WB%20FBS%20%2F%20FBO%20%D0%95%D1%80%D0%BC%20%2816%25%29%27 HTTP/1.1" 200 None
https://sheets.googleapis.com:443 "GET /v4/spreadsheets/1bGbNieNgqDNSORaphLhLOHUbIUE00yxA0q_b4HsNclM/values/%27WB%20FBS%20%2F%20FBO%20%D0%95%D1%80%D0%BC%20%2816%25%29%27%21AE51?valueRenderOption=FORMATTED_VALUE HTTP/1.1" 200 None
Записан: 40576431
https://sheets.googleapis.com:443 "GET /v4/spreadsheets/1bGbNieNgqDNSORaphLhLOHUbIUE00yxA0q_b4HsNclM/values/%27WB%20FBS%20%2F%20FBO%20%D0%95%D1%80%D0%BC%20%2816%25%29%27 HTTP/1.1" 200 None
https://sheets.googleapis.com:443 "GET /v4/spreadsheets/1bGbNieNgqDNSORaphLhLOHUbIUE00yxA0q_b4HsNclM/values/%27WB%20FBS%20%2F%20FBO%20%D0%95%D1%80%D0%BC%20%2816%25%29%27%21AE52?valueRenderOption=FORMATTED_VALUE HTTP/1.1" 200 None
Записан: 40653359
https://sheets.googleapis.com:443 "GET /v4/spreadsheets/1bGbNieNgqDNSORaphLhLOHUbIUE00yxA0q_b4HsNclM/values/%27WB%20FBS%20%2F%20FBO%20%D0%95%D1%80%D0%BC%20%2816%25%29%27 HTTP/1.1" 200 None
https://sheets.googleapis.com:443 "GET /v4/spreadsheets/1bGbNieNgqDNSORaphLhLOHUbIUE00yxA0q_b4HsNclM/values/%27WB%20FBS%20%2F%20FBO%20%D0%95%D1%80%D0%BC%20%2816%25%29%27%21AE53?valueRenderOption=FORMATTED_VALUE HTTP/1.1" 200 None
Записан: 41460499
https://sheets.googleapis.com:443 "GET /v4/spreadsheets/1bGbNieNgqDNSORaphLhLOHUbIUE00yxA0q_b4HsNclM/values/%27WB%20FBS%20%2F%20FBO%20%D0%95%D1%80%D0%BC%20%2816%25%29%27 HTTP/1.1" 200 None
https://sheets.googleapis.com:443 "GET /v4/spreadsheets/1bGbNieNgqDNSORaphLhLOHUbIUE00yxA0q_b4HsNclM/values/%27WB%20FBS%20%2F%20FBO%20%D0%95%D1%80%D0%BC%20%2816%25%29%27%21AE54?valueRenderOption=FORMATTED_VALUE HTTP/1.1" 200 None
Записан: 30163313
https://sheets.googleapis.com:443 "GET /v4/spreadsheets/1bGbNieNgqDNSORaphLhLOHUbIUE00yxA0q_b4HsNclM/values/%27WB%20FBS%20%2F%20FBO%20%D0%95%D1%80%D0%BC%20%2816%25%29%27 HTTP/1.1" 200 None
https://sheets.googleapis.com:443 "GET /v4/spreadsheets/1bGbNieNgqDNSORaphLhLOHUbIUE00yxA0q_b4HsNclM/values/%27WB%20FBS%20%2F%20FBO%20%D0%95%D1%80%D0%BC%20%2816%25%29%27%21AE55?valueRenderOption=FORMATTED_VALUE HTTP/1.1" 200 None
Записан: 39726847
https://sheets.googleapis.com:443 "GET /v4/spreadsheets/1bGbNieNgqDNSORaphLhLOHUbIUE00yxA0q_b4HsNclM/values/%27WB%20FBS%20%2F%20FBO%20%D0%95%D1%80%D0%BC%20%2816%25%29%27 HTTP/1.1" 200 None
https://sheets.googleapis.com:443 "GET /v4/spreadsheets/1bGbNieNgqDNSORaphLhLOHUbIUE00yxA0q_b4HsNclM/values/%27WB%20FBS%20%2F%20FBO%20%D0%95%D1%80%D0%BC%20%2816%25%29%27%21AE56?valueRenderOption=FORMATTED_VALUE HTTP/1.1" 200 None
Записан: 39406146
Starting new HTTPS connection (1): www.wildberries.ru:443
https://www.wildberries.ru:443 "GET /catalog/27146754/detail.aspx?targetUrl=SP HTTP/1.1" 200 None
Всё гуд для - 199
Starting new HTTPS connection (1): www.wildberries.ru:443
https://www.wildberries.ru:443 "GET /catalog/27150374/detail.aspx?targetUrl=SP HTTP/1.1" 200 None
Всё гуд для - 199
Starting new HTTPS connection (1): www.wildberries.ru:443
https://www.wildberries.ru:443 "GET /catalog/27157425/detail.aspx?targetUrl=SP HTTP/1.1" 200 None
Всё гуд для - 199
Starting new HTTPS connection (1): www.wildberries.ru:443
https://www.wildberries.ru:443 "GET /catalog/27158829/detail.aspx?targetUrl=SP HTTP/1.1" 200 None
Всё гуд для - 249
Starting new HTTPS connection (1): www.wildberries.ru:443
https://www.wildberries.ru:443 "GET /catalog/27159211/detail.aspx?targetUrl=SP HTTP/1.1" 200 None
Всё гуд для - 249
Starting new HTTPS connection (1): www.wildberries.ru:443
https://www.wildberries.ru:443 "GET /catalog/27159408/detail.aspx?targetUrl=SP HTTP/1.1" 200 None
Всё гуд для - 199
Starting new HTTPS connection (1): www.wildberries.ru:443
https://www.wildberries.ru:443 "GET /catalog/27566428/detail.aspx?targetUrl=SP HTTP/1.1" 200 None
Всё гуд для - 249
Starting new HTTPS connection (1): www.wildberries.ru:443
https://www.wildberries.ru:443 "GET /catalog/27592601/detail.aspx?targetUrl=SP HTTP/1.1" 200 None
Всё гуд для - 249
Starting new HTTPS connection (1): www.wildberries.ru:443
https://www.wildberries.ru:443 "GET /catalog/27592692/detail.aspx?targetUrl=SP HTTP/1.1" 200 None
Всё гуд для - 249
Starting new HTTPS connection (1): www.wildberries.ru:443
https://www.wildberries.ru:443 "GET /catalog/27593089/detail.aspx?targetUrl=SP HTTP/1.1" 200 None
Всё гуд для - 249
Starting new HTTPS connection (1): www.wildberries.ru:443
https://www.wildberries.ru:443 "GET /catalog/27603592/detail.aspx?targetUrl=SP HTTP/1.1" 200 None
Всё гуд для - 199
Starting new HTTPS connection (1): www.wildberries.ru:443
https://www.wildberries.ru:443 "GET /catalog/27925738/detail.aspx?targetUrl=SP HTTP/1.1" 200 None
Всё гуд для - 249
Starting new HTTPS connection (1): www.wildberries.ru:443
https://www.wildberries.ru:443 "GET /catalog/27995088/detail.aspx?targetUrl=SP HTTP/1.1" 200 None
Всё гуд для - 249
Starting new HTTPS connection (1): www.wildberries.ru:443
https://www.wildberries.ru:443 "GET /catalog/28270893/detail.aspx?targetUrl=SP HTTP/1.1" 200 None
Всё гуд для - 249
Starting new HTTPS connection (1): www.wildberries.ru:443
https://www.wildberries.ru:443 "GET /catalog/28762471/detail.aspx?targetUrl=SP HTTP/1.1" 200 None
Всё гуд для - 249
Starting new HTTPS connection (1): www.wildberries.ru:443
https://www.wildberries.ru:443 "GET /catalog/28764480/detail.aspx?targetUrl=SP HTTP/1.1" 200 None
Всё гуд для - 249
Starting new HTTPS connection (1): www.wildberries.ru:443
https://www.wildberries.ru:443 "GET /catalog/28884415/detail.aspx?targetUrl=SP HTTP/1.1" 200 None
Товара нет в наличии - 28884415
Starting new HTTPS connection (1): www.wildberries.ru:443
https://www.wildberries.ru:443 "GET /catalog/28885569/detail.aspx?targetUrl=SP HTTP/1.1" 200 None
Всё гуд для - 249
Starting new HTTPS connection (1): www.wildberries.ru:443
https://www.wildberries.ru:443 "GET /catalog/28886180/detail.aspx?targetUrl=SP HTTP/1.1" 200 None
Всё гуд для - 249
Starting new HTTPS connection (1): www.wildberries.ru:443
https://www.wildberries.ru:443 "GET /catalog/28886455/detail.aspx?targetUrl=SP HTTP/1.1" 200 None
Всё гуд для - 249
Starting new HTTPS connection (1): www.wildberries.ru:443
https://www.wildberries.ru:443 "GET /catalog/29078914/detail.aspx?targetUrl=SP HTTP/1.1" 200 None
Всё гуд для - 249
Starting new HTTPS connection (1): www.wildberries.ru:443
https://www.wildberries.ru:443 "GET /catalog/29082777/detail.aspx?targetUrl=SP HTTP/1.1" 200 None
Всё гуд для - 249
Starting new HTTPS connection (1): www.wildberries.ru:443
https://www.wildberries.ru:443 "GET /catalog/29091753/detail.aspx?targetUrl=SP HTTP/1.1" 200 None
Всё гуд для - 249
Starting new HTTPS connection (1): www.wildberries.ru:443
https://www.wildberries.ru:443 "GET /catalog/29227949/detail.aspx?targetUrl=SP HTTP/1.1" 200 None
Всё гуд для - 249
Starting new HTTPS connection (1): www.wildberries.ru:443
https://www.wildberries.ru:443 "GET /catalog/29228169/detail.aspx?targetUrl=SP HTTP/1.1" 200 None
Всё гуд для - 249
Starting new HTTPS connection (1): www.wildberries.ru:443
https://www.wildberries.ru:443 "GET /catalog/30382710/detail.aspx?targetUrl=SP HTTP/1.1" 200 None
Всё гуд для - 199
Starting new HTTPS connection (1): www.wildberries.ru:443
https://www.wildberries.ru:443 "GET /catalog/31488326/detail.aspx?targetUrl=SP HTTP/1.1" 200 None
Всё гуд для - 249
Starting new HTTPS connection (1): www.wildberries.ru:443
https://www.wildberries.ru:443 "GET /catalog/32025561/detail.aspx?targetUrl=SP HTTP/1.1" 200 None
Всё гуд для - 249
Starting new HTTPS connection (1): www.wildberries.ru:443
https://www.wildberries.ru:443 "GET /catalog/32025660/detail.aspx?targetUrl=SP HTTP/1.1" 200 None
Всё гуд для - 249
Starting new HTTPS connection (1): www.wildberries.ru:443
https://www.wildberries.ru:443 "GET /catalog/32313436/detail.aspx?targetUrl=SP HTTP/1.1" 200 None
Всё гуд для - 249
Starting new HTTPS connection (1): www.wildberries.ru:443
https://www.wildberries.ru:443 "GET /catalog/32738413/detail.aspx?targetUrl=SP HTTP/1.1" 200 None
Всё гуд для - 249
Starting new HTTPS connection (1): www.wildberries.ru:443
https://www.wildberries.ru:443 "GET /catalog/33308756/detail.aspx?targetUrl=SP HTTP/1.1" 200 None
Всё гуд для - 298
Starting new HTTPS connection (1): www.wildberries.ru:443
https://www.wildberries.ru:443 "GET /catalog/34541750/detail.aspx?targetUrl=SP HTTP/1.1" 200 None
Всё гуд для - 298
Starting new HTTPS connection (1): www.wildberries.ru:443
https://www.wildberries.ru:443 "GET /catalog/35999679/detail.aspx?targetUrl=SP HTTP/1.1" 200 None
Всё гуд для - 352
Starting new HTTPS connection (1): www.wildberries.ru:443
https://www.wildberries.ru:443 "GET /catalog/36122116/detail.aspx?targetUrl=SP HTTP/1.1" 200 None
Всё гуд для - 352
Starting new HTTPS connection (1): www.wildberries.ru:443
https://www.wildberries.ru:443 "GET /catalog/36867918/detail.aspx?targetUrl=SP HTTP/1.1" 200 None
Всё гуд для - 1457
Starting new HTTPS connection (1): www.wildberries.ru:443
https://www.wildberries.ru:443 "GET /catalog/36908863/detail.aspx?targetUrl=SP HTTP/1.1" 200 None
Всё гуд для - 495
Starting new HTTPS connection (1): www.wildberries.ru:443
https://www.wildberries.ru:443 "GET /catalog/37018634/detail.aspx?targetUrl=SP HTTP/1.1" 200 None
Всё гуд для - 495
Starting new HTTPS connection (1): www.wildberries.ru:443
https://www.wildberries.ru:443 "GET /catalog/36928148/detail.aspx?targetUrl=SP HTTP/1.1" 200 None
Всё гуд для - 495
Starting new HTTPS connection (1): www.wildberries.ru:443
https://www.wildberries.ru:443 "GET /catalog/37015446/detail.aspx?targetUrl=SP HTTP/1.1" 200 None
Всё гуд для - 495
Starting new HTTPS connection (1): www.wildberries.ru:443
https://www.wildberries.ru:443 "GET /catalog/37117750/detail.aspx?targetUrl=SP HTTP/1.1" 200 None
Товара нет в наличии - 37117750
Starting new HTTPS connection (1): www.wildberries.ru:443
https://www.wildberries.ru:443 "GET /catalog/38309284/detail.aspx?targetUrl=SP HTTP/1.1" 200 None
Всё гуд для - 653
Starting new HTTPS connection (1): www.wildberries.ru:443
https://www.wildberries.ru:443 "GET /catalog/38315139/detail.aspx?targetUrl=SP HTTP/1.1" 200 None
Всё гуд для - 375
Starting new HTTPS connection (1): www.wildberries.ru:443
https://www.wildberries.ru:443 "GET /catalog/38342524/detail.aspx?targetUrl=SP HTTP/1.1" 200 None
Всё гуд для - 385
Starting new HTTPS connection (1): www.wildberries.ru:443
https://www.wildberries.ru:443 "GET /catalog/40410223/detail.aspx?targetUrl=SP HTTP/1.1" 200 None
Всё гуд для - 385
Starting new HTTPS connection (1): www.wildberries.ru:443
https://www.wildberries.ru:443 "GET /catalog/40415168/detail.aspx?targetUrl=SP HTTP/1.1" 200 None
Всё гуд для - 495
Starting new HTTPS connection (1): www.wildberries.ru:443
https://www.wildberries.ru:443 "GET /catalog/40576431/detail.aspx?targetUrl=SP HTTP/1.1" 200 None
Всё гуд для - 495
Starting new HTTPS connection (1): www.wildberries.ru:443
https://www.wildberries.ru:443 "GET /catalog/40653359/detail.aspx?targetUrl=SP HTTP/1.1" 200 None
Всё гуд для - 258
Starting new HTTPS connection (1): www.wildberries.ru:443
https://www.wildberries.ru:443 "GET /catalog/41460499/detail.aspx?targetUrl=SP HTTP/1.1" 200 None
Всё гуд для - 397
Starting new HTTPS connection (1): www.wildberries.ru:443
https://www.wildberries.ru:443 "GET /catalog/30163313/detail.aspx?targetUrl=SP HTTP/1.1" 200 None
Всё гуд для - 485
Starting new HTTPS connection (1): www.wildberries.ru:443
https://www.wildberries.ru:443 "GET /catalog/39726847/detail.aspx?targetUrl=SP HTTP/1.1" 200 None
Всё гуд для - 485
Starting new HTTPS connection (1): www.wildberries.ru:443
https://www.wildberries.ru:443 "GET /catalog/39406146/detail.aspx?targetUrl=SP HTTP/1.1" 200 None
Всё гуд для - 499
Make request: "sendMessage" with data: "{'chat_id': 544490770, 'text': '👇 Информация по "WB FBS / FBO Ерм (16%)"'}" and files "None"
Response for getUpdates: [200] "'{"ok":true,"result":[]}'"
Make request: "getUpdates" with data: "{'offset': 983234706, 'timeout': 20}" and files "None"
Response for sendMessage: [200] "'{"ok":true,"result":{"message_id":553,"from":{"id":5056907976,"is_bot":true,"first_name":"Oko_WB","username":"Oko_WB_bot"},"chat":{"id":544490770,"first_name":"Rosya","username":"salomanHere","type":"private"},"date":1645989003,"text":"\\ud83d\\udc47 \\u0418\\u043d\\u0444\\u043e\\u0440\\u043c\\u0430\\u0446\\u0438\\u044f \\u043f\\u043e \\"WB FBS / FBO \\u0415\\u0440\\u043c (16%)\\""}}'"
Make request: "sendMessage" with data: "{'chat_id': 544490770, 'text': '❗️Не совпадает цена\nАртикул: 28884415\nЦена в таблице: 249\nЦена WB: Товара нет вналичии\nСсылка на товар: https://www.wildberries.ru/catalog/28884415/detail.aspx?targetUrl=SP'}" and files "None"
Response for sendMessage: [200] "'{"ok":true,"result":{"message_id":554,"from":{"id":5056907976,"is_bot":true,"first_name":"Oko_WB","username":"Oko_WB_bot"},"chat":{"id":544490770,"first_name":"Rosya","username":"salomanHere","type":"private"},"date":1645989003,"text":"\\u2757\\ufe0f\\u041d\\u0435 \\u0441\\u043e\\u0432\\u043f\\u0430\\u0434\\u0430\\u0435\\u0442 \\u0446\\u0435\\u043d\\u0430\\n\\u0410\\u0440\\u0442\\u0438\\u043a\\u0443\\u043b: 28884415\\n\\u0426\\u0435\\u043d\\u0430 \\u0432 \\u0442\\u0430\\u0431\\u043b\\u0438\\u0446\\u0435: 249\\n\\u0426\\u0435\\u043d\\u0430 WB: \\u0422\\u043e\\u0432\\u0430\\u0440\\u0430 \\u043d\\u0435\\u0442 \\u0432\\u043d\\u0430\\u043b\\u0438\\u0447\\u0438\\u0438\\n\\u0421\\u0441\\u044b\\u043b\\u043a\\u0430 \\u043d\\u0430 \\u0442\\u043e\\u0432\\u0430\\u0440: https://www.wildberries.ru/catalog/28884415/detail.aspx?targetUrl=SP","entities":[{"offset":104,"length":68,"type":"url"}]}}'"
Make request: "sendMessage" with data: "{'chat_id': 544490770, 'text': '❗️Не совпадает цена\nАртикул: 37117750\nЦена в таблице: 362\nЦена WB: Товара нет вналичии\nСсылка на товар: https://www.wildberries.ru/catalog/37117750/detail.aspx?targetUrl=SP'}" and files "None"
Response for sendMessage: [200] "'{"ok":true,"result":{"message_id":555,"from":{"id":5056907976,"is_bot":true,"first_name":"Oko_WB","username":"Oko_WB_bot"},"chat":{"id":544490770,"first_name":"Rosya","username":"salomanHere","type":"private"},"date":1645989004,"text":"\\u2757\\ufe0f\\u041d\\u0435 \\u0441\\u043e\\u0432\\u043f\\u0430\\u0434\\u0430\\u0435\\u0442 \\u0446\\u0435\\u043d\\u0430\\n\\u0410\\u0440\\u0442\\u0438\\u043a\\u0443\\u043b: 37117750\\n\\u0426\\u0435\\u043d\\u0430 \\u0432 \\u0442\\u0430\\u0431\\u043b\\u0438\\u0446\\u0435: 362\\n\\u0426\\u0435\\u043d\\u0430 WB: \\u0422\\u043e\\u0432\\u0430\\u0440\\u0430 \\u043d\\u0435\\u0442 \\u0432\\u043d\\u0430\\u043b\\u0438\\u0447\\u0438\\u0438\\n\\u0421\\u0441\\u044b\\u043b\\u043a\\u0430 \\u043d\\u0430 \\u0442\\u043e\\u0432\\u0430\\u0440: https://www.wildberries.ru/catalog/37117750/detail.aspx?targetUrl=SP","entities":[{"offset":104,"length":68,"type":"url"}]}}'"
https://sheets.googleapis.com:443 "GET /v4/spreadsheets/1bGbNieNgqDNSORaphLhLOHUbIUE00yxA0q_b4HsNclM/values/%27WB%20FBS%20%2F%20FBO%20Dushka%20%286%25%29%27 HTTP/1.1" 200 None
https://sheets.googleapis.com:443 "GET /v4/spreadsheets/1bGbNieNgqDNSORaphLhLOHUbIUE00yxA0q_b4HsNclM/values/%27WB%20FBS%20%2F%20FBO%20Dushka%20%286%25%29%27 HTTP/1.1" 200 None
https://sheets.googleapis.com:443 "GET /v4/spreadsheets/1bGbNieNgqDNSORaphLhLOHUbIUE00yxA0q_b4HsNclM/values/%27WB%20FBS%20%2F%20FBO%20Dushka%20%286%25%29%27%21A1%3AA?valueRenderOption=FORMATTED_VALUE&majorDimension=COLUMNS HTTP/1.1" 200 None
https://sheets.googleapis.com:443 "GET /v4/spreadsheets/1bGbNieNgqDNSORaphLhLOHUbIUE00yxA0q_b4HsNclM/values/%27WB%20FBS%20%2F%20FBO%20Dushka%20%286%25%29%27 HTTP/1.1" 200 None
https://sheets.googleapis.com:443 "GET /v4/spreadsheets/1bGbNieNgqDNSORaphLhLOHUbIUE00yxA0q_b4HsNclM/values/%27WB%20FBS%20%2F%20FBO%20Dushka%20%286%25%29%27%21Z4?valueRenderOption=FORMATTED_VALUE HTTP/1.1" 200 None
Записан: 53486164
https://sheets.googleapis.com:443 "GET /v4/spreadsheets/1bGbNieNgqDNSORaphLhLOHUbIUE00yxA0q_b4HsNclM/values/%27WB%20FBS%20%2F%20FBO%20Dushka%20%286%25%29%27 HTTP/1.1" 200 None
https://sheets.googleapis.com:443 "GET /v4/spreadsheets/1bGbNieNgqDNSORaphLhLOHUbIUE00yxA0q_b4HsNclM/values/%27WB%20FBS%20%2F%20FBO%20Dushka%20%286%25%29%27%21Z5?valueRenderOption=FORMATTED_VALUE HTTP/1.1" 200 None
Записан: 53444433
https://sheets.googleapis.com:443 "GET /v4/spreadsheets/1bGbNieNgqDNSORaphLhLOHUbIUE00yxA0q_b4HsNclM/values/%27WB%20FBS%20%2F%20FBO%20Dushka%20%286%25%29%27 HTTP/1.1" 200 None
https://sheets.googleapis.com:443 "GET /v4/spreadsheets/1bGbNieNgqDNSORaphLhLOHUbIUE00yxA0q_b4HsNclM/values/%27WB%20FBS%20%2F%20FBO%20Dushka%20%286%25%29%27%21Z6?valueRenderOption=FORMATTED_VALUE HTTP/1.1" 200 None
Записан: 53451240
https://sheets.googleapis.com:443 "GET /v4/spreadsheets/1bGbNieNgqDNSORaphLhLOHUbIUE00yxA0q_b4HsNclM/values/%27WB%20FBS%20%2F%20FBO%20Dushka%20%286%25%29%27 HTTP/1.1" 200 None
https://sheets.googleapis.com:443 "GET /v4/spreadsheets/1bGbNieNgqDNSORaphLhLOHUbIUE00yxA0q_b4HsNclM/values/%27WB%20FBS%20%2F%20FBO%20Dushka%20%286%25%29%27%21Z7?valueRenderOption=FORMATTED_VALUE HTTP/1.1" 200 None
Записан: 53445760
https://sheets.googleapis.com:443 "GET /v4/spreadsheets/1bGbNieNgqDNSORaphLhLOHUbIUE00yxA0q_b4HsNclM/values/%27WB%20FBS%20%2F%20FBO%20Dushka%20%286%25%29%27 HTTP/1.1" 200 None
https://sheets.googleapis.com:443 "GET /v4/spreadsheets/1bGbNieNgqDNSORaphLhLOHUbIUE00yxA0q_b4HsNclM/values/%27WB%20FBS%20%2F%20FBO%20Dushka%20%286%25%29%27%21Z8?valueRenderOption=FORMATTED_VALUE HTTP/1.1" 200 None
Записан: 53430483
https://sheets.googleapis.com:443 "GET /v4/spreadsheets/1bGbNieNgqDNSORaphLhLOHUbIUE00yxA0q_b4HsNclM/values/%27WB%20FBS%20%2F%20FBO%20Dushka%20%286%25%29%27 HTTP/1.1" 200 None
https://sheets.googleapis.com:443 "GET /v4/spreadsheets/1bGbNieNgqDNSORaphLhLOHUbIUE00yxA0q_b4HsNclM/values/%27WB%20FBS%20%2F%20FBO%20Dushka%20%286%25%29%27%21Z9?valueRenderOption=FORMATTED_VALUE HTTP/1.1" 200 None
Записан: 53485254
Starting new HTTPS connection (1): www.wildberries.ru:443
https://www.wildberries.ru:443 "GET /catalog/53486164/detail.aspx?targetUrl=SP HTTP/1.1" 200 None
Всё гуд для - 763
Starting new HTTPS connection (1): www.wildberries.ru:443
https://www.wildberries.ru:443 "GET /catalog/53444433/detail.aspx?targetUrl=SP HTTP/1.1" 200 None
Всё гуд для - 763
Starting new HTTPS connection (1): www.wildberries.ru:443
https://www.wildberries.ru:443 "GET /catalog/53451240/detail.aspx?targetUrl=SP HTTP/1.1" 200 None
Всё гуд для - 840
Starting new HTTPS connection (1): www.wildberries.ru:443
https://www.wildberries.ru:443 "GET /catalog/53445760/detail.aspx?targetUrl=SP HTTP/1.1" 200 None
Всё гуд для - 763
Starting new HTTPS connection (1): www.wildberries.ru:443
https://www.wildberries.ru:443 "GET /catalog/53430483/detail.aspx?targetUrl=SP HTTP/1.1" 200 None
Всё гуд для - 693
Starting new HTTPS connection (1): www.wildberries.ru:443
https://www.wildberries.ru:443 "GET /catalog/53485254/detail.aspx?targetUrl=SP HTTP/1.1" 200 None
Всё гуд для - 693
Make request: "sendMessage" with data: "{'chat_id': 544490770, 'text': '👇 Информация по "WB FBS / FBO Dushka (6%)"'}" and files "None"
Response for getUpdates: [200] "'{"ok":true,"result":[]}'"
Make request: "getUpdates" with data: "{'offset': 983234706, 'timeout': 20}" and files "None"
Response for sendMessage: [200] "'{"ok":true,"result":{"message_id":556,"from":{"id":5056907976,"is_bot":true,"first_name":"Oko_WB","username":"Oko_WB_bot"},"chat":{"id":544490770,"first_name":"Rosya","username":"salomanHere","type":"private"},"date":1645989041,"text":"\\ud83d\\udc47 \\u0418\\u043d\\u0444\\u043e\\u0440\\u043c\\u0430\\u0446\\u0438\\u044f \\u043f\\u043e \\"WB FBS / FBO Dushka (6%)\\""}}'"
Make request: "sendMessage" with data: "{'chat_id': 544490770, 'text': '😌 Совпадают все цены'}" and files "None"
Response for sendMessage: [200] "'{"ok":true,"result":{"message_id":557,"from":{"id":5056907976,"is_bot":true,"first_name":"Oko_WB","username":"Oko_WB_bot"},"chat":{"id":544490770,"first_name":"Rosya","username":"salomanHere","type":"private"},"date":1645989041,"text":"\\ud83d\\ude0c \\u0421\\u043e\\u0432\\u043f\\u0430\\u0434\\u0430\\u044e\\u0442 \\u0432\\u0441\\u0435 \\u0446\\u0435\\u043d\\u044b"}}'"
Make request: "sendMessage" with data: "{'chat_id': 544490770, 'text': '✅ Проверка закончилась'}" and files "None"
Response for sendMessage: [200] "'{"ok":true,"result":{"message_id":558,"from":{"id":5056907976,"is_bot":true,"first_name":"Oko_WB","username":"Oko_WB_bot"},"chat":{"id":544490770,"first_name":"Rosya","username":"salomanHere","type":"private"},"date":1645989041,"text":"\\u2705 \\u041f\\u0440\\u043e\\u0432\\u0435\\u0440\\u043a\\u0430 \\u0437\\u0430\\u043a\\u043e\\u043d\\u0447\\u0438\\u043b\\u0430\\u0441\\u044c"}}'"
